Copyright 1986-2021 Xilinx, Inc. All Rights Reserved.
-------------------------------------------------------------------------------------------------------------------------------------------------------------------------------------------------
| Tool Version     : Vivado v.2021.2 (lin64) Build 3367213 Tue Oct 19 02:47:39 MDT 2021
| Date             : Fri Nov 11 15:11:55 2022
| Host             : oppy running 64-bit Ubuntu 22.04.1 LTS
| Command          : report_power -file zcu102_design_int_wrapper_power_routed.rpt -pb zcu102_design_int_wrapper_power_summary_routed.pb -rpx zcu102_design_int_wrapper_power_routed.rpx
| Design           : zcu102_design_int_wrapper
| Device           : xczu9eg-ffvb1156-2-e
| Design State     : routed
| Grade            : extended
| Process          : typical
| Characterization : Production
-------------------------------------------------------------------------------------------------------------------------------------------------------------------------------------------------

Power Report

Table of Contents
-----------------
1. Summary
1.1 On-Chip Components
1.2 Power Supply Summary
1.3 Confidence Level
2. Settings
2.1 Environment
2.2 Clock Constraints
3. Detailed Reports
3.1 By Hierarchy

1. Summary
----------

+--------------------------+--------------+
| Total On-Chip Power (W)  | 3.514        |
| Design Power Budget (W)  | Unspecified* |
| Power Budget Margin (W)  | NA           |
| Dynamic (W)              | 2.764        |
| Device Static (W)        | 0.749        |
| Effective TJA (C/W)      | 1.0          |
| Max Ambient (C)          | 96.6         |
| Junction Temperature (C) | 28.4         |
| Confidence Level         | Low          |
| Setting File             | ---          |
| Simulation Activity File | ---          |
| Design Nets Matched      | NA           |
+--------------------------+--------------+
* Specify Design Power Budget using, set_operating_conditions -design_power_budget <value in Watts>


1.1 On-Chip Components
----------------------

+----------------+-----------+----------+-----------+-----------------+
| On-Chip        | Power (W) | Used     | Available | Utilization (%) |
+----------------+-----------+----------+-----------+-----------------+
| Clocks         |     0.004 |        3 |       --- |             --- |
| CLB Logic      |    <0.001 |      467 |       --- |             --- |
|   LUT as Logic |    <0.001 |       42 |    274080 |            0.02 |
|   Register     |    <0.001 |      383 |    548160 |            0.07 |
|   Others       |     0.000 |       12 |       --- |             --- |
| Signals        |     0.001 |      449 |       --- |             --- |
| I/O            |     0.027 |       22 |       328 |            6.71 |
| PS8            |     2.731 |        1 |       --- |             --- |
| Static Power   |     0.749 |          |           |                 |
|   PS Static    |     0.098 |          |           |                 |
|   PL Static    |     0.652 |          |           |                 |
| Total          |     3.514 |          |           |                 |
+----------------+-----------+----------+-----------+-----------------+


1.2 Power Supply Summary
------------------------

+-----------------+-------------+-----------+-------------+------------+-------------+-------------+------------+
| Source          | Voltage (V) | Total (A) | Dynamic (A) | Static (A) | Powerup (A) | Budget (A)  | Margin (A) |
+-----------------+-------------+-----------+-------------+------------+-------------+-------------+------------+
| Vccint          |       0.850 |     0.207 |       0.007 |      0.199 |       NA    | Unspecified | NA         |
| Vccint_io       |       0.850 |     0.038 |       0.002 |      0.036 |       NA    | Unspecified | NA         |
| Vccbram         |       0.850 |     0.003 |       0.000 |      0.003 |       NA    | Unspecified | NA         |
| Vccaux          |       1.800 |     0.193 |       0.000 |      0.193 |       NA    | Unspecified | NA         |
| Vccaux_io       |       1.800 |     0.035 |       0.002 |      0.033 |       NA    | Unspecified | NA         |
| Vcco33          |       3.300 |     0.015 |       0.006 |      0.009 |       NA    | Unspecified | NA         |
| Vcco25          |       2.500 |     0.000 |       0.000 |      0.000 |       NA    | Unspecified | NA         |
| Vcco18          |       1.800 |     0.000 |       0.000 |      0.000 |       NA    | Unspecified | NA         |
| Vcco15          |       1.500 |     0.000 |       0.000 |      0.000 |       NA    | Unspecified | NA         |
| Vcco135         |       1.350 |     0.000 |       0.000 |      0.000 |       NA    | Unspecified | NA         |
| Vcco12          |       1.200 |     0.000 |       0.000 |      0.000 |       NA    | Unspecified | NA         |
| Vcco10          |       1.000 |     0.000 |       0.000 |      0.000 |       NA    | Unspecified | NA         |
| Vccadc          |       1.800 |     0.008 |       0.000 |      0.008 |       NA    | Unspecified | NA         |
| VCC_PSINTFP     |       0.850 |     1.087 |       1.052 |      0.035 |       NA    | Unspecified | NA         |
| VCC_PSINTLP     |       0.850 |     0.249 |       0.242 |      0.007 |       NA    | Unspecified | NA         |
| VPS_MGTRAVCC    |       0.850 |     0.190 |       0.189 |      0.001 |       NA    | Unspecified | NA         |
| VCC_PSINTFP_DDR |       0.850 |     0.730 |       0.725 |      0.004 |       NA    | Unspecified | NA         |
| VCC_PSPLL       |       1.200 |     0.071 |       0.069 |      0.002 |       NA    | Unspecified | NA         |
| VPS_MGTRAVTT    |       1.800 |     0.034 |       0.033 |      0.001 |       NA    | Unspecified | NA         |
| VCCO_PSDDR_504  |       1.200 |     0.626 |       0.592 |      0.034 |       NA    | Unspecified | NA         |
| VCC_PSAUX       |       1.800 |     0.002 |       0.000 |      0.002 |       NA    | Unspecified | NA         |
| VCC_PSBATT      |       1.200 |     0.000 |       0.000 |      0.000 |       NA    | Unspecified | NA         |
| VCC_PSDDR_PLL   |       1.800 |     0.001 |       0.000 |      0.001 |       NA    | Unspecified | NA         |
| VCCO_PSIO0_500  |       1.800 |     0.001 |       0.001 |      0.001 |       NA    | Unspecified | NA         |
| VCCO_PSIO1_501  |       1.800 |     0.001 |       0.000 |      0.001 |       NA    | Unspecified | NA         |
| VCCO_PSIO2_502  |       1.800 |     0.001 |       0.000 |      0.001 |       NA    | Unspecified | NA         |
| VCCO_PSIO3_503  |       1.800 |     0.001 |       0.000 |      0.001 |       NA    | Unspecified | NA         |
| VCC_PSADC       |       1.800 |     0.002 |       0.000 |      0.002 |       NA    | Unspecified | NA         |
| MGTAVcc         |       0.900 |     0.000 |       0.000 |      0.000 |       NA    | Unspecified | NA         |
| MGTAVtt         |       1.200 |     0.000 |       0.000 |      0.000 |       NA    | Unspecified | NA         |
| MGTVccaux       |       1.800 |     0.000 |       0.000 |      0.000 |       NA    | Unspecified | NA         |
+-----------------+-------------+-----------+-------------+------------+-------------+-------------+------------+


1.3 Confidence Level
--------------------

+-----------------------------+------------+--------------------------------------------------------+------------------------------------------------------------------------------------------------------------+
| User Input Data             | Confidence | Details                                                | Action                                                                                                     |
+-----------------------------+------------+--------------------------------------------------------+------------------------------------------------------------------------------------------------------------+
| Design implementation state | High       | Design is routed                                       |                                                                                                            |
| Clock nodes activity        | High       | User specified more than 95% of clocks                 |                                                                                                            |
| I/O nodes activity          | Low        | More than 75% of inputs are missing user specification | Provide missing input activity with simulation results or by editing the "By Resource Type -> I/Os" view   |
| Internal nodes activity     | Medium     | User specified less than 25% of internal nodes         | Provide missing internal nodes activity with simulation results or by editing the "By Resource Type" views |
| Device models               | High       | Device models are Production                           |                                                                                                            |
|                             |            |                                                        |                                                                                                            |
| Overall confidence level    | Low        |                                                        |                                                                                                            |
+-----------------------------+------------+--------------------------------------------------------+------------------------------------------------------------------------------------------------------------+


2. Settings
-----------

2.1 Environment
---------------

+-----------------------+--------------------------+
| Ambient Temp (C)      | 25.0                     |
| ThetaJA (C/W)         | 1.0                      |
| Airflow (LFM)         | 250                      |
| Heat Sink             | medium (Medium Profile)  |
| ThetaSA (C/W)         | 1.5                      |
| Board Selection       | medium (10"x10")         |
| # of Board Layers     | 12to15 (12 to 15 Layers) |
| Board Temperature (C) | 25.0                     |
+-----------------------+--------------------------+


2.2 Clock Constraints
---------------------

+----------+---------------------------------------------------------------+-----------------+
| Clock    | Domain                                                        | Constraint (ns) |
+----------+---------------------------------------------------------------+-----------------+
| clk_pl_0 | zcu102_design_int_i/zynq_ultra_ps_e_0/U0/pl_clk_unbuffered[0] |            10.0 |
+----------+---------------------------------------------------------------+-----------------+


3. Detailed Reports
-------------------

3.1 By Hierarchy
----------------

+---------------------------+-----------+
| Name                      | Power (W) |
+---------------------------+-----------+
| zcu102_design_int_wrapper |     2.764 |
|   yAdapter                |     0.004 |
|     eIndirect.yBufferData |     0.002 |
|   zcu102_design_int_i     |     2.735 |
|     zynq_ultra_ps_e_0     |     2.735 |
|       U0                  |     2.735 |
+---------------------------+-----------+


