
*** Running vivado
    with args -log zcu102_design_int_wrapper.vds -m64 -product Vivado -mode batch -messageDb vivado.pb -notrace -source zcu102_design_int_wrapper.tcl


****** Vivado v2021.2 (64-bit)
  **** SW Build 3367213 on Tue Oct 19 02:47:39 MDT 2021
  **** IP Build 3369179 on Thu Oct 21 08:25:16 MDT 2021
    ** Copyright 1986-2021 Xilinx, Inc. All Rights Reserved.

source zcu102_design_int_wrapper.tcl -notrace
INFO: [IP_Flow 19-234] Refreshing IP repositories
INFO: [IP_Flow 19-1704] No user IP repositories specified
INFO: [IP_Flow 19-2313] Loaded Vivado IP repository '/tools/Xilinx/Vivado/2021.2/data/ip'.
Command: read_checkpoint -auto_incremental -incremental /home/oppy/Repositories/interruptEvaluation/Project/vivado/zcu102_int_plat_v5/zcu102_int_plat_v5.srcs/utils_1/imports/synth_1/zcu102_design_int_wrapper.dcp
INFO: [Vivado 12-5825] Read reference checkpoint from /home/oppy/Repositories/interruptEvaluation/Project/vivado/zcu102_int_plat_v5/zcu102_int_plat_v5.srcs/utils_1/imports/synth_1/zcu102_design_int_wrapper.dcp for incremental synthesis
INFO: [Vivado 12-7989] Please ensure there are no constraint changes
Command: synth_design -top zcu102_design_int_wrapper -part xczu9eg-ffvb1156-2-e
Starting synth_design
Attempting to get a license for feature 'Synthesis' and/or device 'xczu9eg'
INFO: [Common 17-349] Got license for feature 'Synthesis' and/or device 'xczu9eg'
INFO: [Common 17-1540] The version limit for your license is '2021.10' and has expired for new software. A version limit expiration means that, although you may be able to continue to use the current version of tools or IP with this license, you will not be eligible for new releases.
INFO: [Device 21-403] Loading part xczu9eg-ffvb1156-2-e
WARNING: [Designutils 20-4072] Reference run did not run incremental synthesis because the design is too small; reverting to default synthesis
INFO: [Designutils 20-4379] Flow is switching to default flow due to incremental criteria not met. If you would like to alter this behaviour and have the flow terminate instead, please set the following parameter config_implementation {autoIncr.Synth.RejectBehavior Terminate}
INFO: [Synth 8-7079] Multithreading enabled for synth_design using a maximum of 4 processes.
INFO: [Synth 8-7078] Launching helper process for spawning children vivado processes
INFO: [Synth 8-7075] Helper process launched with PID 98393
---------------------------------------------------------------------------------
Starting RTL Elaboration : Time (s): cpu = 00:00:02 ; elapsed = 00:00:02 . Memory (MB): peak = 2863.715 ; gain = 149.766 ; free physical = 727 ; free virtual = 16302
---------------------------------------------------------------------------------
INFO: [Synth 8-638] synthesizing module 'zcu102_design_int_wrapper' [/home/oppy/Repositories/interruptEvaluation/Project/vivado/zcu102_int_plat_v5/zcu102_int_plat_v5.gen/sources_1/bd/zcu102_design_int/hdl/zcu102_design_int_wrapper.vhd:23]
INFO: [Synth 8-3491] module 'zcu102_design_int' declared at '/home/oppy/Repositories/interruptEvaluation/Project/vivado/zcu102_int_plat_v5/zcu102_int_plat_v5.gen/sources_1/bd/zcu102_design_int/synth/zcu102_design_int.vhd:14' bound to instance 'zcu102_design_int_i' of component 'zcu102_design_int' [/home/oppy/Repositories/interruptEvaluation/Project/vivado/zcu102_int_plat_v5/zcu102_int_plat_v5.gen/sources_1/bd/zcu102_design_int/hdl/zcu102_design_int_wrapper.vhd:38]
INFO: [Synth 8-638] synthesizing module 'zcu102_design_int' [/home/oppy/Repositories/interruptEvaluation/Project/vivado/zcu102_int_plat_v5/zcu102_int_plat_v5.gen/sources_1/bd/zcu102_design_int/synth/zcu102_design_int.vhd:27]
INFO: [Synth 8-3491] module 'zcu102_design_int_xlconcat_0_0' declared at '/home/oppy/Repositories/interruptEvaluation/Project/vivado/zcu102_int_plat_v5/zcu102_int_plat_v5.gen/sources_1/bd/zcu102_design_int/ip/zcu102_design_int_xlconcat_0_0/synth/zcu102_design_int_xlconcat_0_0.v:60' bound to instance 'xlconcat_0' of component 'zcu102_design_int_xlconcat_0_0' [/home/oppy/Repositories/interruptEvaluation/Project/vivado/zcu102_int_plat_v5/zcu102_int_plat_v5.gen/sources_1/bd/zcu102_design_int/synth/zcu102_design_int.vhd:71]
INFO: [Synth 8-6157] synthesizing module 'zcu102_design_int_xlconcat_0_0' [/home/oppy/Repositories/interruptEvaluation/Project/vivado/zcu102_int_plat_v5/zcu102_int_plat_v5.gen/sources_1/bd/zcu102_design_int/ip/zcu102_design_int_xlconcat_0_0/synth/zcu102_design_int_xlconcat_0_0.v:60]
INFO: [Synth 8-6157] synthesizing module 'xlconcat_v2_1_4_xlconcat' [/home/oppy/Repositories/interruptEvaluation/Project/vivado/zcu102_int_plat_v5/zcu102_int_plat_v5.gen/sources_1/bd/zcu102_design_int/ipshared/4b67/hdl/xlconcat_v2_1_vl_rfs.v:14]
INFO: [Synth 8-6155] done synthesizing module 'xlconcat_v2_1_4_xlconcat' (1#1) [/home/oppy/Repositories/interruptEvaluation/Project/vivado/zcu102_int_plat_v5/zcu102_int_plat_v5.gen/sources_1/bd/zcu102_design_int/ipshared/4b67/hdl/xlconcat_v2_1_vl_rfs.v:14]
INFO: [Synth 8-6155] done synthesizing module 'zcu102_design_int_xlconcat_0_0' (2#1) [/home/oppy/Repositories/interruptEvaluation/Project/vivado/zcu102_int_plat_v5/zcu102_int_plat_v5.gen/sources_1/bd/zcu102_design_int/ip/zcu102_design_int_xlconcat_0_0/synth/zcu102_design_int_xlconcat_0_0.v:60]
INFO: [Synth 8-3491] module 'zcu102_design_int_xlslice_0_0' declared at '/home/oppy/Repositories/interruptEvaluation/Project/vivado/zcu102_int_plat_v5/zcu102_int_plat_v5.gen/sources_1/bd/zcu102_design_int/ip/zcu102_design_int_xlslice_0_0/synth/zcu102_design_int_xlslice_0_0.v:57' bound to instance 'xlslice_0' of component 'zcu102_design_int_xlslice_0_0' [/home/oppy/Repositories/interruptEvaluation/Project/vivado/zcu102_int_plat_v5/zcu102_int_plat_v5.gen/sources_1/bd/zcu102_design_int/synth/zcu102_design_int.vhd:77]
INFO: [Synth 8-6157] synthesizing module 'zcu102_design_int_xlslice_0_0' [/home/oppy/Repositories/interruptEvaluation/Project/vivado/zcu102_int_plat_v5/zcu102_int_plat_v5.gen/sources_1/bd/zcu102_design_int/ip/zcu102_design_int_xlslice_0_0/synth/zcu102_design_int_xlslice_0_0.v:57]
INFO: [Synth 8-6157] synthesizing module 'xlslice_v1_0_2_xlslice' [/home/oppy/Repositories/interruptEvaluation/Project/vivado/zcu102_int_plat_v5/zcu102_int_plat_v5.gen/sources_1/bd/zcu102_design_int/ipshared/11d0/hdl/xlslice_v1_0_vl_rfs.v:13]
INFO: [Synth 8-6155] done synthesizing module 'xlslice_v1_0_2_xlslice' (3#1) [/home/oppy/Repositories/interruptEvaluation/Project/vivado/zcu102_int_plat_v5/zcu102_int_plat_v5.gen/sources_1/bd/zcu102_design_int/ipshared/11d0/hdl/xlslice_v1_0_vl_rfs.v:13]
INFO: [Synth 8-6155] done synthesizing module 'zcu102_design_int_xlslice_0_0' (4#1) [/home/oppy/Repositories/interruptEvaluation/Project/vivado/zcu102_int_plat_v5/zcu102_int_plat_v5.gen/sources_1/bd/zcu102_design_int/ip/zcu102_design_int_xlslice_0_0/synth/zcu102_design_int_xlslice_0_0.v:57]
INFO: [Synth 8-3491] module 'zcu102_design_int_zynq_ultra_ps_e_0_0' declared at '/home/oppy/Repositories/interruptEvaluation/Project/vivado/zcu102_int_plat_v5/zcu102_int_plat_v5.runs/synth_1/.Xil/Vivado-98299-oppy/realtime/zcu102_design_int_zynq_ultra_ps_e_0_0_stub.vhdl:5' bound to instance 'zynq_ultra_ps_e_0' of component 'zcu102_design_int_zynq_ultra_ps_e_0_0' [/home/oppy/Repositories/interruptEvaluation/Project/vivado/zcu102_int_plat_v5/zcu102_int_plat_v5.gen/sources_1/bd/zcu102_design_int/synth/zcu102_design_int.vhd:82]
INFO: [Synth 8-638] synthesizing module 'zcu102_design_int_zynq_ultra_ps_e_0_0' [/home/oppy/Repositories/interruptEvaluation/Project/vivado/zcu102_int_plat_v5/zcu102_int_plat_v5.runs/synth_1/.Xil/Vivado-98299-oppy/realtime/zcu102_design_int_zynq_ultra_ps_e_0_0_stub.vhdl:19]
INFO: [Synth 8-256] done synthesizing module 'zcu102_design_int' (5#1) [/home/oppy/Repositories/interruptEvaluation/Project/vivado/zcu102_int_plat_v5/zcu102_int_plat_v5.gen/sources_1/bd/zcu102_design_int/synth/zcu102_design_int.vhd:27]
INFO: [Synth 8-638] synthesizing module 'parallel_trace_adapter' [/home/oppy/Utilities/t32/demo/arm/hardware/zynq_ultrascale/hdl/parallel_trace_adapter.vhd:145]
	Parameter gPlatform bound to: ULTRASCALE - type: string 
	Parameter gBitsIn bound to: 32 - type: integer 
	Parameter gBitsOut bound to: 16 - type: integer 
INFO: [Synth 8-638] synthesizing module 'test_pattern_generator' [/home/oppy/Utilities/t32/demo/arm/hardware/zynq_ultrascale/hdl/parallel_trace_adapter.vhd:326]
	Parameter gBits bound to: 16 - type: integer 
INFO: [Synth 8-256] done synthesizing module 'test_pattern_generator' (6#1) [/home/oppy/Utilities/t32/demo/arm/hardware/zynq_ultrascale/hdl/parallel_trace_adapter.vhd:326]
INFO: [Synth 8-638] synthesizing module 'ddr_buffer' [/home/oppy/Utilities/t32/demo/arm/hardware/zynq_ultrascale/hdl/parallel_trace_adapter.vhd:54]
	Parameter gPlatform bound to: ULTRASCALE - type: string 
	Parameter gBits bound to: 16 - type: integer 
	Parameter SRVAL bound to: 1'b1 
INFO: [Synth 8-3491] module 'ODDRE1' declared at '/tools/Xilinx/Vivado/2021.2/scripts/rt/data/unisim_comp.v:74800' bound to instance 'yOddre1' of component 'ODDRE1' [/home/oppy/Utilities/t32/demo/arm/hardware/zynq_ultrascale/hdl/parallel_trace_adapter.vhd:117]
INFO: [Synth 8-6157] synthesizing module 'ODDRE1' [/tools/Xilinx/Vivado/2021.2/scripts/rt/data/unisim_comp.v:74800]
	Parameter SRVAL bound to: 1'b1 
INFO: [Synth 8-6155] done synthesizing module 'ODDRE1' (7#1) [/tools/Xilinx/Vivado/2021.2/scripts/rt/data/unisim_comp.v:74800]
	Parameter SRVAL bound to: 1'b1 
INFO: [Synth 8-3491] module 'ODDRE1' declared at '/tools/Xilinx/Vivado/2021.2/scripts/rt/data/unisim_comp.v:74800' bound to instance 'yOddre1' of component 'ODDRE1' [/home/oppy/Utilities/t32/demo/arm/hardware/zynq_ultrascale/hdl/parallel_trace_adapter.vhd:117]
	Parameter SRVAL bound to: 1'b1 
INFO: [Synth 8-3491] module 'ODDRE1' declared at '/tools/Xilinx/Vivado/2021.2/scripts/rt/data/unisim_comp.v:74800' bound to instance 'yOddre1' of component 'ODDRE1' [/home/oppy/Utilities/t32/demo/arm/hardware/zynq_ultrascale/hdl/parallel_trace_adapter.vhd:117]
	Parameter SRVAL bound to: 1'b1 
INFO: [Synth 8-3491] module 'ODDRE1' declared at '/tools/Xilinx/Vivado/2021.2/scripts/rt/data/unisim_comp.v:74800' bound to instance 'yOddre1' of component 'ODDRE1' [/home/oppy/Utilities/t32/demo/arm/hardware/zynq_ultrascale/hdl/parallel_trace_adapter.vhd:117]
	Parameter SRVAL bound to: 1'b1 
INFO: [Synth 8-3491] module 'ODDRE1' declared at '/tools/Xilinx/Vivado/2021.2/scripts/rt/data/unisim_comp.v:74800' bound to instance 'yOddre1' of component 'ODDRE1' [/home/oppy/Utilities/t32/demo/arm/hardware/zynq_ultrascale/hdl/parallel_trace_adapter.vhd:117]
	Parameter SRVAL bound to: 1'b1 
INFO: [Synth 8-3491] module 'ODDRE1' declared at '/tools/Xilinx/Vivado/2021.2/scripts/rt/data/unisim_comp.v:74800' bound to instance 'yOddre1' of component 'ODDRE1' [/home/oppy/Utilities/t32/demo/arm/hardware/zynq_ultrascale/hdl/parallel_trace_adapter.vhd:117]
	Parameter SRVAL bound to: 1'b1 
INFO: [Synth 8-3491] module 'ODDRE1' declared at '/tools/Xilinx/Vivado/2021.2/scripts/rt/data/unisim_comp.v:74800' bound to instance 'yOddre1' of component 'ODDRE1' [/home/oppy/Utilities/t32/demo/arm/hardware/zynq_ultrascale/hdl/parallel_trace_adapter.vhd:117]
	Parameter SRVAL bound to: 1'b1 
INFO: [Synth 8-3491] module 'ODDRE1' declared at '/tools/Xilinx/Vivado/2021.2/scripts/rt/data/unisim_comp.v:74800' bound to instance 'yOddre1' of component 'ODDRE1' [/home/oppy/Utilities/t32/demo/arm/hardware/zynq_ultrascale/hdl/parallel_trace_adapter.vhd:117]
	Parameter SRVAL bound to: 1'b1 
INFO: [Synth 8-3491] module 'ODDRE1' declared at '/tools/Xilinx/Vivado/2021.2/scripts/rt/data/unisim_comp.v:74800' bound to instance 'yOddre1' of component 'ODDRE1' [/home/oppy/Utilities/t32/demo/arm/hardware/zynq_ultrascale/hdl/parallel_trace_adapter.vhd:117]
	Parameter SRVAL bound to: 1'b1 
INFO: [Synth 8-3491] module 'ODDRE1' declared at '/tools/Xilinx/Vivado/2021.2/scripts/rt/data/unisim_comp.v:74800' bound to instance 'yOddre1' of component 'ODDRE1' [/home/oppy/Utilities/t32/demo/arm/hardware/zynq_ultrascale/hdl/parallel_trace_adapter.vhd:117]
	Parameter SRVAL bound to: 1'b1 
INFO: [Synth 8-3491] module 'ODDRE1' declared at '/tools/Xilinx/Vivado/2021.2/scripts/rt/data/unisim_comp.v:74800' bound to instance 'yOddre1' of component 'ODDRE1' [/home/oppy/Utilities/t32/demo/arm/hardware/zynq_ultrascale/hdl/parallel_trace_adapter.vhd:117]
	Parameter SRVAL bound to: 1'b1 
INFO: [Synth 8-3491] module 'ODDRE1' declared at '/tools/Xilinx/Vivado/2021.2/scripts/rt/data/unisim_comp.v:74800' bound to instance 'yOddre1' of component 'ODDRE1' [/home/oppy/Utilities/t32/demo/arm/hardware/zynq_ultrascale/hdl/parallel_trace_adapter.vhd:117]
	Parameter SRVAL bound to: 1'b1 
INFO: [Synth 8-3491] module 'ODDRE1' declared at '/tools/Xilinx/Vivado/2021.2/scripts/rt/data/unisim_comp.v:74800' bound to instance 'yOddre1' of component 'ODDRE1' [/home/oppy/Utilities/t32/demo/arm/hardware/zynq_ultrascale/hdl/parallel_trace_adapter.vhd:117]
	Parameter SRVAL bound to: 1'b1 
INFO: [Synth 8-3491] module 'ODDRE1' declared at '/tools/Xilinx/Vivado/2021.2/scripts/rt/data/unisim_comp.v:74800' bound to instance 'yOddre1' of component 'ODDRE1' [/home/oppy/Utilities/t32/demo/arm/hardware/zynq_ultrascale/hdl/parallel_trace_adapter.vhd:117]
	Parameter SRVAL bound to: 1'b1 
INFO: [Synth 8-3491] module 'ODDRE1' declared at '/tools/Xilinx/Vivado/2021.2/scripts/rt/data/unisim_comp.v:74800' bound to instance 'yOddre1' of component 'ODDRE1' [/home/oppy/Utilities/t32/demo/arm/hardware/zynq_ultrascale/hdl/parallel_trace_adapter.vhd:117]
	Parameter SRVAL bound to: 1'b1 
INFO: [Synth 8-3491] module 'ODDRE1' declared at '/tools/Xilinx/Vivado/2021.2/scripts/rt/data/unisim_comp.v:74800' bound to instance 'yOddre1' of component 'ODDRE1' [/home/oppy/Utilities/t32/demo/arm/hardware/zynq_ultrascale/hdl/parallel_trace_adapter.vhd:117]
INFO: [Synth 8-256] done synthesizing module 'ddr_buffer' (8#1) [/home/oppy/Utilities/t32/demo/arm/hardware/zynq_ultrascale/hdl/parallel_trace_adapter.vhd:54]
INFO: [Synth 8-638] synthesizing module 'ddr_buffer__parameterized0' [/home/oppy/Utilities/t32/demo/arm/hardware/zynq_ultrascale/hdl/parallel_trace_adapter.vhd:54]
	Parameter gPlatform bound to: ULTRASCALE - type: string 
	Parameter gBits bound to: 1 - type: integer 
	Parameter SRVAL bound to: 1'b1 
INFO: [Synth 8-3491] module 'ODDRE1' declared at '/tools/Xilinx/Vivado/2021.2/scripts/rt/data/unisim_comp.v:74800' bound to instance 'yOddre1' of component 'ODDRE1' [/home/oppy/Utilities/t32/demo/arm/hardware/zynq_ultrascale/hdl/parallel_trace_adapter.vhd:117]
INFO: [Synth 8-256] done synthesizing module 'ddr_buffer__parameterized0' (8#1) [/home/oppy/Utilities/t32/demo/arm/hardware/zynq_ultrascale/hdl/parallel_trace_adapter.vhd:54]
INFO: [Synth 8-256] done synthesizing module 'parallel_trace_adapter' (9#1) [/home/oppy/Utilities/t32/demo/arm/hardware/zynq_ultrascale/hdl/parallel_trace_adapter.vhd:145]
INFO: [Synth 8-256] done synthesizing module 'zcu102_design_int_wrapper' (10#1) [/home/oppy/Repositories/interruptEvaluation/Project/vivado/zcu102_int_plat_v5/zcu102_int_plat_v5.gen/sources_1/bd/zcu102_design_int/hdl/zcu102_design_int_wrapper.vhd:23]
WARNING: [Synth 8-7129] Port Din[4] in module xlslice_v1_0_2_xlslice is either unconnected or has no load
WARNING: [Synth 8-7129] Port In2[0] in module xlconcat_v2_1_4_xlconcat is either unconnected or has no load
WARNING: [Synth 8-7129] Port In3[0] in module xlconcat_v2_1_4_xlconcat is either unconnected or has no load
WARNING: [Synth 8-7129] Port In4[0] in module xlconcat_v2_1_4_xlconcat is either unconnected or has no load
WARNING: [Synth 8-7129] Port In5[0] in module xlconcat_v2_1_4_xlconcat is either unconnected or has no load
WARNING: [Synth 8-7129] Port In6[0] in module xlconcat_v2_1_4_xlconcat is either unconnected or has no load
WARNING: [Synth 8-7129] Port In7[0] in module xlconcat_v2_1_4_xlconcat is either unconnected or has no load
WARNING: [Synth 8-7129] Port In8[0] in module xlconcat_v2_1_4_xlconcat is either unconnected or has no load
WARNING: [Synth 8-7129] Port In9[0] in module xlconcat_v2_1_4_xlconcat is either unconnected or has no load
WARNING: [Synth 8-7129] Port In10[0] in module xlconcat_v2_1_4_xlconcat is either unconnected or has no load
WARNING: [Synth 8-7129] Port In11[0] in module xlconcat_v2_1_4_xlconcat is either unconnected or has no load
WARNING: [Synth 8-7129] Port In12[0] in module xlconcat_v2_1_4_xlconcat is either unconnected or has no load
WARNING: [Synth 8-7129] Port In13[0] in module xlconcat_v2_1_4_xlconcat is either unconnected or has no load
WARNING: [Synth 8-7129] Port In14[0] in module xlconcat_v2_1_4_xlconcat is either unconnected or has no load
WARNING: [Synth 8-7129] Port In15[0] in module xlconcat_v2_1_4_xlconcat is either unconnected or has no load
WARNING: [Synth 8-7129] Port In16[0] in module xlconcat_v2_1_4_xlconcat is either unconnected or has no load
WARNING: [Synth 8-7129] Port In17[0] in module xlconcat_v2_1_4_xlconcat is either unconnected or has no load
WARNING: [Synth 8-7129] Port In18[0] in module xlconcat_v2_1_4_xlconcat is either unconnected or has no load
WARNING: [Synth 8-7129] Port In19[0] in module xlconcat_v2_1_4_xlconcat is either unconnected or has no load
WARNING: [Synth 8-7129] Port In20[0] in module xlconcat_v2_1_4_xlconcat is either unconnected or has no load
WARNING: [Synth 8-7129] Port In21[0] in module xlconcat_v2_1_4_xlconcat is either unconnected or has no load
WARNING: [Synth 8-7129] Port In22[0] in module xlconcat_v2_1_4_xlconcat is either unconnected or has no load
WARNING: [Synth 8-7129] Port In23[0] in module xlconcat_v2_1_4_xlconcat is either unconnected or has no load
WARNING: [Synth 8-7129] Port In24[0] in module xlconcat_v2_1_4_xlconcat is either unconnected or has no load
WARNING: [Synth 8-7129] Port In25[0] in module xlconcat_v2_1_4_xlconcat is either unconnected or has no load
WARNING: [Synth 8-7129] Port In26[0] in module xlconcat_v2_1_4_xlconcat is either unconnected or has no load
WARNING: [Synth 8-7129] Port In27[0] in module xlconcat_v2_1_4_xlconcat is either unconnected or has no load
WARNING: [Synth 8-7129] Port In28[0] in module xlconcat_v2_1_4_xlconcat is either unconnected or has no load
WARNING: [Synth 8-7129] Port In29[0] in module xlconcat_v2_1_4_xlconcat is either unconnected or has no load
WARNING: [Synth 8-7129] Port In30[0] in module xlconcat_v2_1_4_xlconcat is either unconnected or has no load
WARNING: [Synth 8-7129] Port In31[0] in module xlconcat_v2_1_4_xlconcat is either unconnected or has no load
WARNING: [Synth 8-7129] Port In32[0] in module xlconcat_v2_1_4_xlconcat is either unconnected or has no load
WARNING: [Synth 8-7129] Port In33[0] in module xlconcat_v2_1_4_xlconcat is either unconnected or has no load
WARNING: [Synth 8-7129] Port In34[0] in module xlconcat_v2_1_4_xlconcat is either unconnected or has no load
WARNING: [Synth 8-7129] Port In35[0] in module xlconcat_v2_1_4_xlconcat is either unconnected or has no load
WARNING: [Synth 8-7129] Port In36[0] in module xlconcat_v2_1_4_xlconcat is either unconnected or has no load
WARNING: [Synth 8-7129] Port In37[0] in module xlconcat_v2_1_4_xlconcat is either unconnected or has no load
WARNING: [Synth 8-7129] Port In38[0] in module xlconcat_v2_1_4_xlconcat is either unconnected or has no load
WARNING: [Synth 8-7129] Port In39[0] in module xlconcat_v2_1_4_xlconcat is either unconnected or has no load
WARNING: [Synth 8-7129] Port In40[0] in module xlconcat_v2_1_4_xlconcat is either unconnected or has no load
WARNING: [Synth 8-7129] Port In41[0] in module xlconcat_v2_1_4_xlconcat is either unconnected or has no load
WARNING: [Synth 8-7129] Port In42[0] in module xlconcat_v2_1_4_xlconcat is either unconnected or has no load
WARNING: [Synth 8-7129] Port In43[0] in module xlconcat_v2_1_4_xlconcat is either unconnected or has no load
WARNING: [Synth 8-7129] Port In44[0] in module xlconcat_v2_1_4_xlconcat is either unconnected or has no load
WARNING: [Synth 8-7129] Port In45[0] in module xlconcat_v2_1_4_xlconcat is either unconnected or has no load
WARNING: [Synth 8-7129] Port In46[0] in module xlconcat_v2_1_4_xlconcat is either unconnected or has no load
WARNING: [Synth 8-7129] Port In47[0] in module xlconcat_v2_1_4_xlconcat is either unconnected or has no load
WARNING: [Synth 8-7129] Port In48[0] in module xlconcat_v2_1_4_xlconcat is either unconnected or has no load
WARNING: [Synth 8-7129] Port In49[0] in module xlconcat_v2_1_4_xlconcat is either unconnected or has no load
WARNING: [Synth 8-7129] Port In50[0] in module xlconcat_v2_1_4_xlconcat is either unconnected or has no load
WARNING: [Synth 8-7129] Port In51[0] in module xlconcat_v2_1_4_xlconcat is either unconnected or has no load
WARNING: [Synth 8-7129] Port In52[0] in module xlconcat_v2_1_4_xlconcat is either unconnected or has no load
WARNING: [Synth 8-7129] Port In53[0] in module xlconcat_v2_1_4_xlconcat is either unconnected or has no load
WARNING: [Synth 8-7129] Port In54[0] in module xlconcat_v2_1_4_xlconcat is either unconnected or has no load
WARNING: [Synth 8-7129] Port In55[0] in module xlconcat_v2_1_4_xlconcat is either unconnected or has no load
WARNING: [Synth 8-7129] Port In56[0] in module xlconcat_v2_1_4_xlconcat is either unconnected or has no load
WARNING: [Synth 8-7129] Port In57[0] in module xlconcat_v2_1_4_xlconcat is either unconnected or has no load
WARNING: [Synth 8-7129] Port In58[0] in module xlconcat_v2_1_4_xlconcat is either unconnected or has no load
WARNING: [Synth 8-7129] Port In59[0] in module xlconcat_v2_1_4_xlconcat is either unconnected or has no load
WARNING: [Synth 8-7129] Port In60[0] in module xlconcat_v2_1_4_xlconcat is either unconnected or has no load
WARNING: [Synth 8-7129] Port In61[0] in module xlconcat_v2_1_4_xlconcat is either unconnected or has no load
WARNING: [Synth 8-7129] Port In62[0] in module xlconcat_v2_1_4_xlconcat is either unconnected or has no load
WARNING: [Synth 8-7129] Port In63[0] in module xlconcat_v2_1_4_xlconcat is either unconnected or has no load
WARNING: [Synth 8-7129] Port In64[0] in module xlconcat_v2_1_4_xlconcat is either unconnected or has no load
WARNING: [Synth 8-7129] Port In65[0] in module xlconcat_v2_1_4_xlconcat is either unconnected or has no load
WARNING: [Synth 8-7129] Port In66[0] in module xlconcat_v2_1_4_xlconcat is either unconnected or has no load
WARNING: [Synth 8-7129] Port In67[0] in module xlconcat_v2_1_4_xlconcat is either unconnected or has no load
WARNING: [Synth 8-7129] Port In68[0] in module xlconcat_v2_1_4_xlconcat is either unconnected or has no load
WARNING: [Synth 8-7129] Port In69[0] in module xlconcat_v2_1_4_xlconcat is either unconnected or has no load
WARNING: [Synth 8-7129] Port In70[0] in module xlconcat_v2_1_4_xlconcat is either unconnected or has no load
WARNING: [Synth 8-7129] Port In71[0] in module xlconcat_v2_1_4_xlconcat is either unconnected or has no load
WARNING: [Synth 8-7129] Port In72[0] in module xlconcat_v2_1_4_xlconcat is either unconnected or has no load
WARNING: [Synth 8-7129] Port In73[0] in module xlconcat_v2_1_4_xlconcat is either unconnected or has no load
WARNING: [Synth 8-7129] Port In74[0] in module xlconcat_v2_1_4_xlconcat is either unconnected or has no load
WARNING: [Synth 8-7129] Port In75[0] in module xlconcat_v2_1_4_xlconcat is either unconnected or has no load
WARNING: [Synth 8-7129] Port In76[0] in module xlconcat_v2_1_4_xlconcat is either unconnected or has no load
WARNING: [Synth 8-7129] Port In77[0] in module xlconcat_v2_1_4_xlconcat is either unconnected or has no load
WARNING: [Synth 8-7129] Port In78[0] in module xlconcat_v2_1_4_xlconcat is either unconnected or has no load
WARNING: [Synth 8-7129] Port In79[0] in module xlconcat_v2_1_4_xlconcat is either unconnected or has no load
WARNING: [Synth 8-7129] Port In80[0] in module xlconcat_v2_1_4_xlconcat is either unconnected or has no load
WARNING: [Synth 8-7129] Port In81[0] in module xlconcat_v2_1_4_xlconcat is either unconnected or has no load
WARNING: [Synth 8-7129] Port In82[0] in module xlconcat_v2_1_4_xlconcat is either unconnected or has no load
WARNING: [Synth 8-7129] Port In83[0] in module xlconcat_v2_1_4_xlconcat is either unconnected or has no load
WARNING: [Synth 8-7129] Port In84[0] in module xlconcat_v2_1_4_xlconcat is either unconnected or has no load
WARNING: [Synth 8-7129] Port In85[0] in module xlconcat_v2_1_4_xlconcat is either unconnected or has no load
WARNING: [Synth 8-7129] Port In86[0] in module xlconcat_v2_1_4_xlconcat is either unconnected or has no load
WARNING: [Synth 8-7129] Port In87[0] in module xlconcat_v2_1_4_xlconcat is either unconnected or has no load
WARNING: [Synth 8-7129] Port In88[0] in module xlconcat_v2_1_4_xlconcat is either unconnected or has no load
WARNING: [Synth 8-7129] Port In89[0] in module xlconcat_v2_1_4_xlconcat is either unconnected or has no load
WARNING: [Synth 8-7129] Port In90[0] in module xlconcat_v2_1_4_xlconcat is either unconnected or has no load
WARNING: [Synth 8-7129] Port In91[0] in module xlconcat_v2_1_4_xlconcat is either unconnected or has no load
WARNING: [Synth 8-7129] Port In92[0] in module xlconcat_v2_1_4_xlconcat is either unconnected or has no load
WARNING: [Synth 8-7129] Port In93[0] in module xlconcat_v2_1_4_xlconcat is either unconnected or has no load
WARNING: [Synth 8-7129] Port In94[0] in module xlconcat_v2_1_4_xlconcat is either unconnected or has no load
WARNING: [Synth 8-7129] Port In95[0] in module xlconcat_v2_1_4_xlconcat is either unconnected or has no load
WARNING: [Synth 8-7129] Port In96[0] in module xlconcat_v2_1_4_xlconcat is either unconnected or has no load
WARNING: [Synth 8-7129] Port In97[0] in module xlconcat_v2_1_4_xlconcat is either unconnected or has no load
WARNING: [Synth 8-7129] Port In98[0] in module xlconcat_v2_1_4_xlconcat is either unconnected or has no load
WARNING: [Synth 8-7129] Port In99[0] in module xlconcat_v2_1_4_xlconcat is either unconnected or has no load
WARNING: [Synth 8-7129] Port In100[0] in module xlconcat_v2_1_4_xlconcat is either unconnected or has no load
INFO: [Common 17-14] Message 'Synth 8-7129' appears 100 times and further instances of the messages will be disabled. Use the Tcl command set_msg_config to change the current settings.
---------------------------------------------------------------------------------
Finished RTL Elaboration : Time (s): cpu = 00:00:03 ; elapsed = 00:00:03 . Memory (MB): peak = 2912.684 ; gain = 198.734 ; free physical = 546 ; free virtual = 15838
---------------------------------------------------------------------------------
---------------------------------------------------------------------------------
Start Handling Custom Attributes
---------------------------------------------------------------------------------
---------------------------------------------------------------------------------
Finished Handling Custom Attributes : Time (s): cpu = 00:00:03 ; elapsed = 00:00:04 . Memory (MB): peak = 2930.496 ; gain = 216.547 ; free physical = 511 ; free virtual = 15805
---------------------------------------------------------------------------------
---------------------------------------------------------------------------------
Finished RTL Optimization Phase 1 : Time (s): cpu = 00:00:03 ; elapsed = 00:00:04 . Memory (MB): peak = 2930.496 ; gain = 216.547 ; free physical = 511 ; free virtual = 15805
---------------------------------------------------------------------------------
Netlist sorting complete. Time (s): cpu = 00:00:00.01 ; elapsed = 00:00:00.01 . Memory (MB): peak = 2938.434 ; gain = 0.000 ; free physical = 1378 ; free virtual = 16672
INFO: [Netlist 29-17] Analyzing 17 Unisim elements for replacement
INFO: [Netlist 29-28] Unisim Transformation completed in 0 CPU seconds
INFO: [Project 1-570] Preparing netlist for logic optimization

Processing XDC Constraints
Initializing timing engine
Parsing XDC File [/home/oppy/Repositories/interruptEvaluation/Project/vivado/zcu102_int_plat_v5/zcu102_int_plat_v5.gen/sources_1/bd/zcu102_design_int/ip/zcu102_design_int_zynq_ultra_ps_e_0_0/zcu102_design_int_zynq_ultra_ps_e_0_0/zcu102_design_int_zynq_ultra_ps_e_0_0_in_context.xdc] for cell 'zcu102_design_int_i/zynq_ultra_ps_e_0'
Finished Parsing XDC File [/home/oppy/Repositories/interruptEvaluation/Project/vivado/zcu102_int_plat_v5/zcu102_int_plat_v5.gen/sources_1/bd/zcu102_design_int/ip/zcu102_design_int_zynq_ultra_ps_e_0_0/zcu102_design_int_zynq_ultra_ps_e_0_0/zcu102_design_int_zynq_ultra_ps_e_0_0_in_context.xdc] for cell 'zcu102_design_int_i/zynq_ultra_ps_e_0'
Parsing XDC File [/home/oppy/Repositories/interruptEvaluation/Project/vivado/zcu102_int_plat_v5/zcu102_int_plat_v5.srcs/constrs_1/new/constraints.xdc]
Finished Parsing XDC File [/home/oppy/Repositories/interruptEvaluation/Project/vivado/zcu102_int_plat_v5/zcu102_int_plat_v5.srcs/constrs_1/new/constraints.xdc]
INFO: [Project 1-236] Implementation specific constraints were found while reading constraint file [/home/oppy/Repositories/interruptEvaluation/Project/vivado/zcu102_int_plat_v5/zcu102_int_plat_v5.srcs/constrs_1/new/constraints.xdc]. These constraints will be ignored for synthesis but will be used in implementation. Impacted constraints are listed in the file [.Xil/zcu102_design_int_wrapper_propImpl.xdc].
Resolution: To avoid this warning, move constraints listed in [.Xil/zcu102_design_int_wrapper_propImpl.xdc] to another XDC file and exclude this new file from synthesis with the used_in_synthesis property (File Properties dialog in GUI) and re-run elaboration/synthesis.
Parsing XDC File [/home/oppy/Repositories/interruptEvaluation/Project/vivado/zcu102_int_plat_v5/zcu102_int_plat_v5.runs/synth_1/dont_touch.xdc]
Finished Parsing XDC File [/home/oppy/Repositories/interruptEvaluation/Project/vivado/zcu102_int_plat_v5/zcu102_int_plat_v5.runs/synth_1/dont_touch.xdc]
Completed Processing XDC Constraints

Netlist sorting complete. Time (s): cpu = 00:00:00 ; elapsed = 00:00:00 . Memory (MB): peak = 3110.184 ; gain = 0.000 ; free physical = 1231 ; free virtual = 16609
INFO: [Project 1-111] Unisim Transformation Summary:
  A total of 17 instances were transformed.
  ODDRE1 => OSERDESE3: 17 instances

Constraint Validation Runtime : Time (s): cpu = 00:00:00 ; elapsed = 00:00:00 . Memory (MB): peak = 3110.184 ; gain = 0.000 ; free physical = 1231 ; free virtual = 16609
WARNING: [Designutils 20-4072] Reference run did not run incremental synthesis because the design is too small; reverting to default synthesis
INFO: [Designutils 20-4379] Flow is switching to default flow due to incremental criteria not met. If you would like to alter this behaviour and have the flow terminate instead, please set the following parameter config_implementation {autoIncr.Synth.RejectBehavior Terminate}
---------------------------------------------------------------------------------
Finished Constraint Validation : Time (s): cpu = 00:00:09 ; elapsed = 00:00:10 . Memory (MB): peak = 3110.184 ; gain = 396.234 ; free physical = 1352 ; free virtual = 16685
---------------------------------------------------------------------------------
---------------------------------------------------------------------------------
Start Loading Part and Timing Information
---------------------------------------------------------------------------------
Loading part: xczu9eg-ffvb1156-2-e
INFO: [Synth 8-6742] Reading net delay rules and data
---------------------------------------------------------------------------------
Finished Loading Part and Timing Information : Time (s): cpu = 00:00:09 ; elapsed = 00:00:10 . Memory (MB): peak = 3110.184 ; gain = 396.234 ; free physical = 1352 ; free virtual = 16685
---------------------------------------------------------------------------------
---------------------------------------------------------------------------------
Start Applying 'set_property' XDC Constraints
---------------------------------------------------------------------------------
Applied set_property KEEP_HIERARCHY = SOFT for zcu102_design_int_i. (constraint file  auto generated constraint).
Applied set_property KEEP_HIERARCHY = SOFT for zcu102_design_int_i/zynq_ultra_ps_e_0. (constraint file  auto generated constraint).
Applied set_property KEEP_HIERARCHY = SOFT for zcu102_design_int_i/xlslice_0. (constraint file  auto generated constraint).
Applied set_property KEEP_HIERARCHY = SOFT for zcu102_design_int_i/xlconcat_0. (constraint file  auto generated constraint).
---------------------------------------------------------------------------------
Finished applying 'set_property' XDC Constraints : Time (s): cpu = 00:00:09 ; elapsed = 00:00:10 . Memory (MB): peak = 3110.184 ; gain = 396.234 ; free physical = 1350 ; free virtual = 16685
---------------------------------------------------------------------------------
---------------------------------------------------------------------------------
Finished RTL Optimization Phase 2 : Time (s): cpu = 00:00:09 ; elapsed = 00:00:10 . Memory (MB): peak = 3110.184 ; gain = 396.234 ; free physical = 1321 ; free virtual = 16675
---------------------------------------------------------------------------------
---------------------------------------------------------------------------------
Start RTL Component Statistics 
---------------------------------------------------------------------------------
Detailed RTL Component Info : 
+---Adders : 
	   2 Input    7 Bit       Adders := 1     
	   2 Input    5 Bit       Adders := 1     
+---Registers : 
	               32 Bit    Registers := 2     
	               16 Bit    Registers := 4     
	                7 Bit    Registers := 1     
	                5 Bit    Registers := 1     
	                1 Bit    Registers := 1     
+---Muxes : 
	   4 Input   16 Bit        Muxes := 16    
	   2 Input   16 Bit        Muxes := 2     
	   2 Input    1 Bit        Muxes := 15    
---------------------------------------------------------------------------------
Finished RTL Component Statistics 
---------------------------------------------------------------------------------
---------------------------------------------------------------------------------
Start Part Resource Summary
---------------------------------------------------------------------------------
Part Resources:
DSPs: 2520 (col length:168)
BRAMs: 1824 (col length: RAMB18 168 RAMB36 84)
---------------------------------------------------------------------------------
Finished Part Resource Summary
---------------------------------------------------------------------------------
---------------------------------------------------------------------------------
Start Cross Boundary and Area Optimization
---------------------------------------------------------------------------------
WARNING: [Synth 8-7080] Parallel synthesis criteria is not met
---------------------------------------------------------------------------------
Finished Cross Boundary and Area Optimization : Time (s): cpu = 00:00:11 ; elapsed = 00:00:11 . Memory (MB): peak = 3110.184 ; gain = 396.234 ; free physical = 1250 ; free virtual = 16610
---------------------------------------------------------------------------------
---------------------------------------------------------------------------------
Start Applying XDC Timing Constraints
---------------------------------------------------------------------------------
---------------------------------------------------------------------------------
Finished Applying XDC Timing Constraints : Time (s): cpu = 00:00:17 ; elapsed = 00:00:19 . Memory (MB): peak = 3459.941 ; gain = 745.992 ; free physical = 663 ; free virtual = 16033
---------------------------------------------------------------------------------
---------------------------------------------------------------------------------
Start Timing Optimization
---------------------------------------------------------------------------------
---------------------------------------------------------------------------------
Finished Timing Optimization : Time (s): cpu = 00:00:17 ; elapsed = 00:00:19 . Memory (MB): peak = 3479.973 ; gain = 766.023 ; free physical = 660 ; free virtual = 16030
---------------------------------------------------------------------------------
---------------------------------------------------------------------------------
Start Technology Mapping
---------------------------------------------------------------------------------
---------------------------------------------------------------------------------
Finished Technology Mapping : Time (s): cpu = 00:00:17 ; elapsed = 00:00:19 . Memory (MB): peak = 3487.980 ; gain = 774.031 ; free physical = 659 ; free virtual = 16030
---------------------------------------------------------------------------------
---------------------------------------------------------------------------------
Start IO Insertion
---------------------------------------------------------------------------------
---------------------------------------------------------------------------------
Start Flattening Before IO Insertion
---------------------------------------------------------------------------------
---------------------------------------------------------------------------------
Finished Flattening Before IO Insertion
---------------------------------------------------------------------------------
---------------------------------------------------------------------------------
Start Final Netlist Cleanup
---------------------------------------------------------------------------------
---------------------------------------------------------------------------------
Finished Final Netlist Cleanup
---------------------------------------------------------------------------------
---------------------------------------------------------------------------------
Finished IO Insertion : Time (s): cpu = 00:00:20 ; elapsed = 00:00:21 . Memory (MB): peak = 3487.980 ; gain = 774.031 ; free physical = 669 ; free virtual = 16030
---------------------------------------------------------------------------------
---------------------------------------------------------------------------------
Start Renaming Generated Instances
---------------------------------------------------------------------------------
---------------------------------------------------------------------------------
Finished Renaming Generated Instances : Time (s): cpu = 00:00:20 ; elapsed = 00:00:21 . Memory (MB): peak = 3487.980 ; gain = 774.031 ; free physical = 669 ; free virtual = 16030
---------------------------------------------------------------------------------
---------------------------------------------------------------------------------
Start Rebuilding User Hierarchy
---------------------------------------------------------------------------------
---------------------------------------------------------------------------------
Finished Rebuilding User Hierarchy : Time (s): cpu = 00:00:20 ; elapsed = 00:00:21 . Memory (MB): peak = 3487.980 ; gain = 774.031 ; free physical = 669 ; free virtual = 16030
---------------------------------------------------------------------------------
---------------------------------------------------------------------------------
Start Renaming Generated Ports
---------------------------------------------------------------------------------
---------------------------------------------------------------------------------
Finished Renaming Generated Ports : Time (s): cpu = 00:00:20 ; elapsed = 00:00:21 . Memory (MB): peak = 3487.980 ; gain = 774.031 ; free physical = 669 ; free virtual = 16030
---------------------------------------------------------------------------------
---------------------------------------------------------------------------------
Start Handling Custom Attributes
---------------------------------------------------------------------------------
---------------------------------------------------------------------------------
Finished Handling Custom Attributes : Time (s): cpu = 00:00:20 ; elapsed = 00:00:21 . Memory (MB): peak = 3487.980 ; gain = 774.031 ; free physical = 669 ; free virtual = 16030
---------------------------------------------------------------------------------
---------------------------------------------------------------------------------
Start Renaming Generated Nets
---------------------------------------------------------------------------------
---------------------------------------------------------------------------------
Finished Renaming Generated Nets : Time (s): cpu = 00:00:20 ; elapsed = 00:00:21 . Memory (MB): peak = 3487.980 ; gain = 774.031 ; free physical = 669 ; free virtual = 16030
---------------------------------------------------------------------------------
---------------------------------------------------------------------------------
Start Writing Synthesis Report
---------------------------------------------------------------------------------

Report BlackBoxes: 
+------+--------------------------------------+----------+
|      |BlackBox name                         |Instances |
+------+--------------------------------------+----------+
|1     |zcu102_design_int_zynq_ultra_ps_e_0_0 |         1|
+------+--------------------------------------+----------+

Report Cell Usage: 
+------+-------------------------------------------+------+
|      |Cell                                       |Count |
+------+-------------------------------------------+------+
|1     |zcu102_design_int_zynq_ultra_ps_e_0_0_bbox |     1|
|2     |LUT1                                       |     3|
|3     |LUT2                                       |     7|
|4     |LUT3                                       |    35|
|5     |LUT4                                       |     2|
|6     |LUT5                                       |    17|
|7     |LUT6                                       |     8|
|8     |ODDRE1                                     |    17|
|9     |FDRE                                       |   119|
|10    |FDSE                                       |     8|
|11    |IBUF                                       |     1|
|12    |OBUF                                       |    21|
+------+-------------------------------------------+------+
---------------------------------------------------------------------------------
Finished Writing Synthesis Report : Time (s): cpu = 00:00:20 ; elapsed = 00:00:21 . Memory (MB): peak = 3487.980 ; gain = 774.031 ; free physical = 669 ; free virtual = 16030
---------------------------------------------------------------------------------
Synthesis finished with 0 errors, 0 critical warnings and 2 warnings.
Synthesis Optimization Runtime : Time (s): cpu = 00:00:16 ; elapsed = 00:00:18 . Memory (MB): peak = 3487.980 ; gain = 594.344 ; free physical = 708 ; free virtual = 16069
Synthesis Optimization Complete : Time (s): cpu = 00:00:20 ; elapsed = 00:00:21 . Memory (MB): peak = 3487.988 ; gain = 774.031 ; free physical = 708 ; free virtual = 16069
INFO: [Project 1-571] Translating synthesized netlist
Netlist sorting complete. Time (s): cpu = 00:00:00 ; elapsed = 00:00:00 . Memory (MB): peak = 3490.949 ; gain = 0.000 ; free physical = 703 ; free virtual = 16064
INFO: [Netlist 29-17] Analyzing 18 Unisim elements for replacement
INFO: [Netlist 29-28] Unisim Transformation completed in 0 CPU seconds
INFO: [Project 1-570] Preparing netlist for logic optimization
INFO: [Opt 31-138] Pushed 0 inverter(s) to 0 load pin(s).
Netlist sorting complete. Time (s): cpu = 00:00:00 ; elapsed = 00:00:00 . Memory (MB): peak = 3562.621 ; gain = 0.000 ; free physical = 726 ; free virtual = 16088
INFO: [Project 1-111] Unisim Transformation Summary:
  A total of 18 instances were transformed.
  IBUF => IBUF (IBUFCTRL, INBUF): 1 instance 
  ODDRE1 => OSERDESE3: 17 instances

Synth Design complete, checksum: 8ef254f8
INFO: [Common 17-83] Releasing license: Synthesis
71 Infos, 103 Warnings, 0 Critical Warnings and 0 Errors encountered.
synth_design completed successfully
synth_design: Time (s): cpu = 00:00:27 ; elapsed = 00:00:25 . Memory (MB): peak = 3562.621 ; gain = 953.676 ; free physical = 922 ; free virtual = 16283
INFO: [Common 17-1381] The checkpoint '/home/oppy/Repositories/interruptEvaluation/Project/vivado/zcu102_int_plat_v5/zcu102_int_plat_v5.runs/synth_1/zcu102_design_int_wrapper.dcp' has been generated.
INFO: [runtcl-4] Executing : report_utilization -file zcu102_design_int_wrapper_utilization_synth.rpt -pb zcu102_design_int_wrapper_utilization_synth.pb
INFO: [Common 17-206] Exiting Vivado at Fri Nov 11 15:10:29 2022...
