
*** Running vivado
    with args -log zcu106_int_meas_plat_xbar_0.vds -m64 -product Vivado -mode batch -messageDb vivado.pb -notrace -source zcu106_int_meas_plat_xbar_0.tcl


****** Vivado v2021.2 (64-bit)
  **** SW Build 3367213 on Tue Oct 19 02:47:39 MDT 2021
  **** IP Build 3369179 on Thu Oct 21 08:25:16 MDT 2021
    ** Copyright 1986-2021 Xilinx, Inc. All Rights Reserved.

source zcu106_int_meas_plat_xbar_0.tcl -notrace
Command: synth_design -top zcu106_int_meas_plat_xbar_0 -part xczu7ev-ffvc1156-2-e -mode out_of_context
Starting synth_design
Attempting to get a license for feature 'Synthesis' and/or device 'xczu7ev'
INFO: [Common 17-349] Got license for feature 'Synthesis' and/or device 'xczu7ev'
INFO: [Device 21-403] Loading part xczu7ev-ffvc1156-2-e
INFO: [Synth 8-7079] Multithreading enabled for synth_design using a maximum of 4 processes.
INFO: [Synth 8-7078] Launching helper process for spawning children vivado processes
INFO: [Synth 8-7075] Helper process launched with PID 31267
---------------------------------------------------------------------------------
Starting RTL Elaboration : Time (s): cpu = 00:00:04 ; elapsed = 00:00:05 . Memory (MB): peak = 2976.449 ; gain = 148.797 ; free physical = 785 ; free virtual = 12692
---------------------------------------------------------------------------------
INFO: [Synth 8-6157] synthesizing module 'zcu106_int_meas_plat_xbar_0' [/home/oppy/vivado_workspace/zcu106_plat_int_measurement/zcu106_plat_int_measurement.gen/sources_1/bd/zcu106_int_meas_plat/ip/zcu106_int_meas_plat_xbar_0/synth/zcu106_int_meas_plat_xbar_0.v:59]
INFO: [Synth 8-6157] synthesizing module 'axi_crossbar_v2_1_26_axi_crossbar' [/home/oppy/vivado_workspace/zcu106_plat_int_measurement/zcu106_plat_int_measurement.gen/sources_1/bd/zcu106_int_meas_plat/ipshared/ac57/hdl/axi_crossbar_v2_1_vl_rfs.v:4884]
INFO: [Synth 8-6157] synthesizing module 'axi_crossbar_v2_1_26_crossbar_sasd' [/home/oppy/vivado_workspace/zcu106_plat_int_measurement/zcu106_plat_int_measurement.gen/sources_1/bd/zcu106_int_meas_plat/ipshared/ac57/hdl/axi_crossbar_v2_1_vl_rfs.v:1240]
INFO: [Synth 8-6157] synthesizing module 'axi_crossbar_v2_1_26_addr_decoder' [/home/oppy/vivado_workspace/zcu106_plat_int_measurement/zcu106_plat_int_measurement.gen/sources_1/bd/zcu106_int_meas_plat/ipshared/ac57/hdl/axi_crossbar_v2_1_vl_rfs.v:794]
INFO: [Synth 8-6157] synthesizing module 'generic_baseblocks_v2_1_0_comparator_static' [/home/oppy/vivado_workspace/zcu106_plat_int_measurement/zcu106_plat_int_measurement.gen/sources_1/bd/zcu106_int_meas_plat/ipshared/b752/hdl/generic_baseblocks_v2_1_vl_rfs.v:2133]
INFO: [Synth 8-6157] synthesizing module 'generic_baseblocks_v2_1_0_carry_and' [/home/oppy/vivado_workspace/zcu106_plat_int_measurement/zcu106_plat_int_measurement.gen/sources_1/bd/zcu106_int_meas_plat/ipshared/b752/hdl/generic_baseblocks_v2_1_vl_rfs.v:62]
INFO: [Synth 8-6155] done synthesizing module 'generic_baseblocks_v2_1_0_carry_and' (1#1) [/home/oppy/vivado_workspace/zcu106_plat_int_measurement/zcu106_plat_int_measurement.gen/sources_1/bd/zcu106_int_meas_plat/ipshared/b752/hdl/generic_baseblocks_v2_1_vl_rfs.v:62]
INFO: [Synth 8-6155] done synthesizing module 'generic_baseblocks_v2_1_0_comparator_static' (2#1) [/home/oppy/vivado_workspace/zcu106_plat_int_measurement/zcu106_plat_int_measurement.gen/sources_1/bd/zcu106_int_meas_plat/ipshared/b752/hdl/generic_baseblocks_v2_1_vl_rfs.v:2133]
INFO: [Synth 8-6157] synthesizing module 'generic_baseblocks_v2_1_0_comparator_static__parameterized0' [/home/oppy/vivado_workspace/zcu106_plat_int_measurement/zcu106_plat_int_measurement.gen/sources_1/bd/zcu106_int_meas_plat/ipshared/b752/hdl/generic_baseblocks_v2_1_vl_rfs.v:2133]
INFO: [Synth 8-6155] done synthesizing module 'generic_baseblocks_v2_1_0_comparator_static__parameterized0' (2#1) [/home/oppy/vivado_workspace/zcu106_plat_int_measurement/zcu106_plat_int_measurement.gen/sources_1/bd/zcu106_int_meas_plat/ipshared/b752/hdl/generic_baseblocks_v2_1_vl_rfs.v:2133]
INFO: [Synth 8-6155] done synthesizing module 'axi_crossbar_v2_1_26_addr_decoder' (3#1) [/home/oppy/vivado_workspace/zcu106_plat_int_measurement/zcu106_plat_int_measurement.gen/sources_1/bd/zcu106_int_meas_plat/ipshared/ac57/hdl/axi_crossbar_v2_1_vl_rfs.v:794]
INFO: [Synth 8-6157] synthesizing module 'generic_baseblocks_v2_1_0_mux_enc' [/home/oppy/vivado_workspace/zcu106_plat_int_measurement/zcu106_plat_int_measurement.gen/sources_1/bd/zcu106_int_meas_plat/ipshared/b752/hdl/generic_baseblocks_v2_1_vl_rfs.v:2452]
INFO: [Synth 8-6155] done synthesizing module 'generic_baseblocks_v2_1_0_mux_enc' (4#1) [/home/oppy/vivado_workspace/zcu106_plat_int_measurement/zcu106_plat_int_measurement.gen/sources_1/bd/zcu106_int_meas_plat/ipshared/b752/hdl/generic_baseblocks_v2_1_vl_rfs.v:2452]
INFO: [Synth 8-6157] synthesizing module 'generic_baseblocks_v2_1_0_mux_enc__parameterized0' [/home/oppy/vivado_workspace/zcu106_plat_int_measurement/zcu106_plat_int_measurement.gen/sources_1/bd/zcu106_int_meas_plat/ipshared/b752/hdl/generic_baseblocks_v2_1_vl_rfs.v:2452]
INFO: [Synth 8-6155] done synthesizing module 'generic_baseblocks_v2_1_0_mux_enc__parameterized0' (4#1) [/home/oppy/vivado_workspace/zcu106_plat_int_measurement/zcu106_plat_int_measurement.gen/sources_1/bd/zcu106_int_meas_plat/ipshared/b752/hdl/generic_baseblocks_v2_1_vl_rfs.v:2452]
INFO: [Synth 8-6157] synthesizing module 'axi_crossbar_v2_1_26_decerr_slave' [/home/oppy/vivado_workspace/zcu106_plat_int_measurement/zcu106_plat_int_measurement.gen/sources_1/bd/zcu106_int_meas_plat/ipshared/ac57/hdl/axi_crossbar_v2_1_vl_rfs.v:3501]
INFO: [Synth 8-6155] done synthesizing module 'axi_crossbar_v2_1_26_decerr_slave' (5#1) [/home/oppy/vivado_workspace/zcu106_plat_int_measurement/zcu106_plat_int_measurement.gen/sources_1/bd/zcu106_int_meas_plat/ipshared/ac57/hdl/axi_crossbar_v2_1_vl_rfs.v:3501]
INFO: [Synth 8-6157] synthesizing module 'axi_crossbar_v2_1_26_addr_arbiter_sasd' [/home/oppy/vivado_workspace/zcu106_plat_int_measurement/zcu106_plat_int_measurement.gen/sources_1/bd/zcu106_int_meas_plat/ipshared/ac57/hdl/axi_crossbar_v2_1_vl_rfs.v:65]
INFO: [Synth 8-6157] synthesizing module 'generic_baseblocks_v2_1_0_mux_enc__parameterized1' [/home/oppy/vivado_workspace/zcu106_plat_int_measurement/zcu106_plat_int_measurement.gen/sources_1/bd/zcu106_int_meas_plat/ipshared/b752/hdl/generic_baseblocks_v2_1_vl_rfs.v:2452]
INFO: [Synth 8-6155] done synthesizing module 'generic_baseblocks_v2_1_0_mux_enc__parameterized1' (5#1) [/home/oppy/vivado_workspace/zcu106_plat_int_measurement/zcu106_plat_int_measurement.gen/sources_1/bd/zcu106_int_meas_plat/ipshared/b752/hdl/generic_baseblocks_v2_1_vl_rfs.v:2452]
INFO: [Synth 8-6155] done synthesizing module 'axi_crossbar_v2_1_26_addr_arbiter_sasd' (6#1) [/home/oppy/vivado_workspace/zcu106_plat_int_measurement/zcu106_plat_int_measurement.gen/sources_1/bd/zcu106_int_meas_plat/ipshared/ac57/hdl/axi_crossbar_v2_1_vl_rfs.v:65]
INFO: [Synth 8-6157] synthesizing module 'axi_crossbar_v2_1_26_splitter' [/home/oppy/vivado_workspace/zcu106_plat_int_measurement/zcu106_plat_int_measurement.gen/sources_1/bd/zcu106_int_meas_plat/ipshared/ac57/hdl/axi_crossbar_v2_1_vl_rfs.v:4461]
INFO: [Synth 8-6155] done synthesizing module 'axi_crossbar_v2_1_26_splitter' (7#1) [/home/oppy/vivado_workspace/zcu106_plat_int_measurement/zcu106_plat_int_measurement.gen/sources_1/bd/zcu106_int_meas_plat/ipshared/ac57/hdl/axi_crossbar_v2_1_vl_rfs.v:4461]
INFO: [Synth 8-6157] synthesizing module 'axi_crossbar_v2_1_26_splitter__parameterized0' [/home/oppy/vivado_workspace/zcu106_plat_int_measurement/zcu106_plat_int_measurement.gen/sources_1/bd/zcu106_int_meas_plat/ipshared/ac57/hdl/axi_crossbar_v2_1_vl_rfs.v:4461]
INFO: [Synth 8-6155] done synthesizing module 'axi_crossbar_v2_1_26_splitter__parameterized0' (7#1) [/home/oppy/vivado_workspace/zcu106_plat_int_measurement/zcu106_plat_int_measurement.gen/sources_1/bd/zcu106_int_meas_plat/ipshared/ac57/hdl/axi_crossbar_v2_1_vl_rfs.v:4461]
INFO: [Synth 8-6157] synthesizing module 'generic_baseblocks_v2_1_0_mux_enc__parameterized2' [/home/oppy/vivado_workspace/zcu106_plat_int_measurement/zcu106_plat_int_measurement.gen/sources_1/bd/zcu106_int_meas_plat/ipshared/b752/hdl/generic_baseblocks_v2_1_vl_rfs.v:2452]
INFO: [Synth 8-6155] done synthesizing module 'generic_baseblocks_v2_1_0_mux_enc__parameterized2' (7#1) [/home/oppy/vivado_workspace/zcu106_plat_int_measurement/zcu106_plat_int_measurement.gen/sources_1/bd/zcu106_int_meas_plat/ipshared/b752/hdl/generic_baseblocks_v2_1_vl_rfs.v:2452]
INFO: [Synth 8-6157] synthesizing module 'generic_baseblocks_v2_1_0_mux_enc__parameterized3' [/home/oppy/vivado_workspace/zcu106_plat_int_measurement/zcu106_plat_int_measurement.gen/sources_1/bd/zcu106_int_meas_plat/ipshared/b752/hdl/generic_baseblocks_v2_1_vl_rfs.v:2452]
INFO: [Synth 8-6155] done synthesizing module 'generic_baseblocks_v2_1_0_mux_enc__parameterized3' (7#1) [/home/oppy/vivado_workspace/zcu106_plat_int_measurement/zcu106_plat_int_measurement.gen/sources_1/bd/zcu106_int_meas_plat/ipshared/b752/hdl/generic_baseblocks_v2_1_vl_rfs.v:2452]
INFO: [Synth 8-6157] synthesizing module 'axi_register_slice_v2_1_25_axic_register_slice' [/home/oppy/vivado_workspace/zcu106_plat_int_measurement/zcu106_plat_int_measurement.gen/sources_1/bd/zcu106_int_meas_plat/ipshared/e1e6/hdl/axi_register_slice_v2_1_vl_rfs.v:1498]
INFO: [Synth 8-6155] done synthesizing module 'axi_register_slice_v2_1_25_axic_register_slice' (8#1) [/home/oppy/vivado_workspace/zcu106_plat_int_measurement/zcu106_plat_int_measurement.gen/sources_1/bd/zcu106_int_meas_plat/ipshared/e1e6/hdl/axi_register_slice_v2_1_vl_rfs.v:1498]
INFO: [Synth 8-6157] synthesizing module 'generic_baseblocks_v2_1_0_mux_enc__parameterized4' [/home/oppy/vivado_workspace/zcu106_plat_int_measurement/zcu106_plat_int_measurement.gen/sources_1/bd/zcu106_int_meas_plat/ipshared/b752/hdl/generic_baseblocks_v2_1_vl_rfs.v:2452]
INFO: [Synth 8-6155] done synthesizing module 'generic_baseblocks_v2_1_0_mux_enc__parameterized4' (8#1) [/home/oppy/vivado_workspace/zcu106_plat_int_measurement/zcu106_plat_int_measurement.gen/sources_1/bd/zcu106_int_meas_plat/ipshared/b752/hdl/generic_baseblocks_v2_1_vl_rfs.v:2452]
WARNING: [Synth 8-6014] Unused sequential element gen_debug_trans_seq.debug_aw_trans_seq_i_reg was removed.  [/home/oppy/vivado_workspace/zcu106_plat_int_measurement/zcu106_plat_int_measurement.gen/sources_1/bd/zcu106_int_meas_plat/ipshared/ac57/hdl/axi_crossbar_v2_1_vl_rfs.v:2056]
WARNING: [Synth 8-6014] Unused sequential element gen_debug_trans_seq.debug_ar_trans_seq_i_reg was removed.  [/home/oppy/vivado_workspace/zcu106_plat_int_measurement/zcu106_plat_int_measurement.gen/sources_1/bd/zcu106_int_meas_plat/ipshared/ac57/hdl/axi_crossbar_v2_1_vl_rfs.v:2067]
WARNING: [Synth 8-6014] Unused sequential element gen_debug_trans_seq.debug_w_beat_cnt_i_reg was removed.  [/home/oppy/vivado_workspace/zcu106_plat_int_measurement/zcu106_plat_int_measurement.gen/sources_1/bd/zcu106_int_meas_plat/ipshared/ac57/hdl/axi_crossbar_v2_1_vl_rfs.v:2078]
WARNING: [Synth 8-6014] Unused sequential element gen_debug_trans_seq.debug_r_beat_cnt_i_reg was removed.  [/home/oppy/vivado_workspace/zcu106_plat_int_measurement/zcu106_plat_int_measurement.gen/sources_1/bd/zcu106_int_meas_plat/ipshared/ac57/hdl/axi_crossbar_v2_1_vl_rfs.v:2091]
INFO: [Synth 8-6155] done synthesizing module 'axi_crossbar_v2_1_26_crossbar_sasd' (9#1) [/home/oppy/vivado_workspace/zcu106_plat_int_measurement/zcu106_plat_int_measurement.gen/sources_1/bd/zcu106_int_meas_plat/ipshared/ac57/hdl/axi_crossbar_v2_1_vl_rfs.v:1240]
INFO: [Synth 8-6155] done synthesizing module 'axi_crossbar_v2_1_26_axi_crossbar' (10#1) [/home/oppy/vivado_workspace/zcu106_plat_int_measurement/zcu106_plat_int_measurement.gen/sources_1/bd/zcu106_int_meas_plat/ipshared/ac57/hdl/axi_crossbar_v2_1_vl_rfs.v:4884]
INFO: [Synth 8-6155] done synthesizing module 'zcu106_int_meas_plat_xbar_0' (11#1) [/home/oppy/vivado_workspace/zcu106_plat_int_measurement/zcu106_plat_int_measurement.gen/sources_1/bd/zcu106_int_meas_plat/ip/zcu106_int_meas_plat_xbar_0/synth/zcu106_int_meas_plat_xbar_0.v:59]
WARNING: [Synth 8-7129] Port S_AXI_AWID[0] in module axi_crossbar_v2_1_26_decerr_slave is either unconnected or has no load
WARNING: [Synth 8-7129] Port S_AXI_WLAST in module axi_crossbar_v2_1_26_decerr_slave is either unconnected or has no load
WARNING: [Synth 8-7129] Port S_AXI_ARID[0] in module axi_crossbar_v2_1_26_decerr_slave is either unconnected or has no load
WARNING: [Synth 8-7129] Port S_AXI_ARLEN[7] in module axi_crossbar_v2_1_26_decerr_slave is either unconnected or has no load
WARNING: [Synth 8-7129] Port S_AXI_ARLEN[6] in module axi_crossbar_v2_1_26_decerr_slave is either unconnected or has no load
WARNING: [Synth 8-7129] Port S_AXI_ARLEN[5] in module axi_crossbar_v2_1_26_decerr_slave is either unconnected or has no load
WARNING: [Synth 8-7129] Port S_AXI_ARLEN[4] in module axi_crossbar_v2_1_26_decerr_slave is either unconnected or has no load
WARNING: [Synth 8-7129] Port S_AXI_ARLEN[3] in module axi_crossbar_v2_1_26_decerr_slave is either unconnected or has no load
WARNING: [Synth 8-7129] Port S_AXI_ARLEN[2] in module axi_crossbar_v2_1_26_decerr_slave is either unconnected or has no load
WARNING: [Synth 8-7129] Port S_AXI_ARLEN[1] in module axi_crossbar_v2_1_26_decerr_slave is either unconnected or has no load
WARNING: [Synth 8-7129] Port S_AXI_ARLEN[0] in module axi_crossbar_v2_1_26_decerr_slave is either unconnected or has no load
WARNING: [Synth 8-7129] Port ADDR[1] in module axi_crossbar_v2_1_26_addr_decoder is either unconnected or has no load
WARNING: [Synth 8-7129] Port ADDR[0] in module axi_crossbar_v2_1_26_addr_decoder is either unconnected or has no load
WARNING: [Synth 8-7129] Port S_AXI_AWID[1] in module axi_crossbar_v2_1_26_crossbar_sasd is either unconnected or has no load
WARNING: [Synth 8-7129] Port S_AXI_AWID[0] in module axi_crossbar_v2_1_26_crossbar_sasd is either unconnected or has no load
WARNING: [Synth 8-7129] Port S_AXI_WID[1] in module axi_crossbar_v2_1_26_crossbar_sasd is either unconnected or has no load
WARNING: [Synth 8-7129] Port S_AXI_WID[0] in module axi_crossbar_v2_1_26_crossbar_sasd is either unconnected or has no load
WARNING: [Synth 8-7129] Port S_AXI_ARID[1] in module axi_crossbar_v2_1_26_crossbar_sasd is either unconnected or has no load
WARNING: [Synth 8-7129] Port S_AXI_ARID[0] in module axi_crossbar_v2_1_26_crossbar_sasd is either unconnected or has no load
WARNING: [Synth 8-7129] Port M_AXI_BID[1] in module axi_crossbar_v2_1_26_crossbar_sasd is either unconnected or has no load
WARNING: [Synth 8-7129] Port M_AXI_BID[0] in module axi_crossbar_v2_1_26_crossbar_sasd is either unconnected or has no load
WARNING: [Synth 8-7129] Port M_AXI_RID[1] in module axi_crossbar_v2_1_26_crossbar_sasd is either unconnected or has no load
WARNING: [Synth 8-7129] Port M_AXI_RID[0] in module axi_crossbar_v2_1_26_crossbar_sasd is either unconnected or has no load
WARNING: [Synth 8-7129] Port s_axi_awid[1] in module axi_crossbar_v2_1_26_axi_crossbar is either unconnected or has no load
WARNING: [Synth 8-7129] Port s_axi_awid[0] in module axi_crossbar_v2_1_26_axi_crossbar is either unconnected or has no load
WARNING: [Synth 8-7129] Port s_axi_awlen[15] in module axi_crossbar_v2_1_26_axi_crossbar is either unconnected or has no load
WARNING: [Synth 8-7129] Port s_axi_awlen[14] in module axi_crossbar_v2_1_26_axi_crossbar is either unconnected or has no load
WARNING: [Synth 8-7129] Port s_axi_awlen[13] in module axi_crossbar_v2_1_26_axi_crossbar is either unconnected or has no load
WARNING: [Synth 8-7129] Port s_axi_awlen[12] in module axi_crossbar_v2_1_26_axi_crossbar is either unconnected or has no load
WARNING: [Synth 8-7129] Port s_axi_awlen[11] in module axi_crossbar_v2_1_26_axi_crossbar is either unconnected or has no load
WARNING: [Synth 8-7129] Port s_axi_awlen[10] in module axi_crossbar_v2_1_26_axi_crossbar is either unconnected or has no load
WARNING: [Synth 8-7129] Port s_axi_awlen[9] in module axi_crossbar_v2_1_26_axi_crossbar is either unconnected or has no load
WARNING: [Synth 8-7129] Port s_axi_awlen[8] in module axi_crossbar_v2_1_26_axi_crossbar is either unconnected or has no load
WARNING: [Synth 8-7129] Port s_axi_awlen[7] in module axi_crossbar_v2_1_26_axi_crossbar is either unconnected or has no load
WARNING: [Synth 8-7129] Port s_axi_awlen[6] in module axi_crossbar_v2_1_26_axi_crossbar is either unconnected or has no load
WARNING: [Synth 8-7129] Port s_axi_awlen[5] in module axi_crossbar_v2_1_26_axi_crossbar is either unconnected or has no load
WARNING: [Synth 8-7129] Port s_axi_awlen[4] in module axi_crossbar_v2_1_26_axi_crossbar is either unconnected or has no load
WARNING: [Synth 8-7129] Port s_axi_awlen[3] in module axi_crossbar_v2_1_26_axi_crossbar is either unconnected or has no load
WARNING: [Synth 8-7129] Port s_axi_awlen[2] in module axi_crossbar_v2_1_26_axi_crossbar is either unconnected or has no load
WARNING: [Synth 8-7129] Port s_axi_awlen[1] in module axi_crossbar_v2_1_26_axi_crossbar is either unconnected or has no load
WARNING: [Synth 8-7129] Port s_axi_awlen[0] in module axi_crossbar_v2_1_26_axi_crossbar is either unconnected or has no load
WARNING: [Synth 8-7129] Port s_axi_awsize[5] in module axi_crossbar_v2_1_26_axi_crossbar is either unconnected or has no load
WARNING: [Synth 8-7129] Port s_axi_awsize[4] in module axi_crossbar_v2_1_26_axi_crossbar is either unconnected or has no load
WARNING: [Synth 8-7129] Port s_axi_awsize[3] in module axi_crossbar_v2_1_26_axi_crossbar is either unconnected or has no load
WARNING: [Synth 8-7129] Port s_axi_awsize[2] in module axi_crossbar_v2_1_26_axi_crossbar is either unconnected or has no load
WARNING: [Synth 8-7129] Port s_axi_awsize[1] in module axi_crossbar_v2_1_26_axi_crossbar is either unconnected or has no load
WARNING: [Synth 8-7129] Port s_axi_awsize[0] in module axi_crossbar_v2_1_26_axi_crossbar is either unconnected or has no load
WARNING: [Synth 8-7129] Port s_axi_awburst[3] in module axi_crossbar_v2_1_26_axi_crossbar is either unconnected or has no load
WARNING: [Synth 8-7129] Port s_axi_awburst[2] in module axi_crossbar_v2_1_26_axi_crossbar is either unconnected or has no load
WARNING: [Synth 8-7129] Port s_axi_awburst[1] in module axi_crossbar_v2_1_26_axi_crossbar is either unconnected or has no load
WARNING: [Synth 8-7129] Port s_axi_awburst[0] in module axi_crossbar_v2_1_26_axi_crossbar is either unconnected or has no load
WARNING: [Synth 8-7129] Port s_axi_awlock[1] in module axi_crossbar_v2_1_26_axi_crossbar is either unconnected or has no load
WARNING: [Synth 8-7129] Port s_axi_awlock[0] in module axi_crossbar_v2_1_26_axi_crossbar is either unconnected or has no load
WARNING: [Synth 8-7129] Port s_axi_awcache[7] in module axi_crossbar_v2_1_26_axi_crossbar is either unconnected or has no load
WARNING: [Synth 8-7129] Port s_axi_awcache[6] in module axi_crossbar_v2_1_26_axi_crossbar is either unconnected or has no load
WARNING: [Synth 8-7129] Port s_axi_awcache[5] in module axi_crossbar_v2_1_26_axi_crossbar is either unconnected or has no load
WARNING: [Synth 8-7129] Port s_axi_awcache[4] in module axi_crossbar_v2_1_26_axi_crossbar is either unconnected or has no load
WARNING: [Synth 8-7129] Port s_axi_awcache[3] in module axi_crossbar_v2_1_26_axi_crossbar is either unconnected or has no load
WARNING: [Synth 8-7129] Port s_axi_awcache[2] in module axi_crossbar_v2_1_26_axi_crossbar is either unconnected or has no load
WARNING: [Synth 8-7129] Port s_axi_awcache[1] in module axi_crossbar_v2_1_26_axi_crossbar is either unconnected or has no load
WARNING: [Synth 8-7129] Port s_axi_awcache[0] in module axi_crossbar_v2_1_26_axi_crossbar is either unconnected or has no load
WARNING: [Synth 8-7129] Port s_axi_awqos[7] in module axi_crossbar_v2_1_26_axi_crossbar is either unconnected or has no load
WARNING: [Synth 8-7129] Port s_axi_awqos[6] in module axi_crossbar_v2_1_26_axi_crossbar is either unconnected or has no load
WARNING: [Synth 8-7129] Port s_axi_awqos[5] in module axi_crossbar_v2_1_26_axi_crossbar is either unconnected or has no load
WARNING: [Synth 8-7129] Port s_axi_awqos[4] in module axi_crossbar_v2_1_26_axi_crossbar is either unconnected or has no load
WARNING: [Synth 8-7129] Port s_axi_awqos[3] in module axi_crossbar_v2_1_26_axi_crossbar is either unconnected or has no load
WARNING: [Synth 8-7129] Port s_axi_awqos[2] in module axi_crossbar_v2_1_26_axi_crossbar is either unconnected or has no load
WARNING: [Synth 8-7129] Port s_axi_awqos[1] in module axi_crossbar_v2_1_26_axi_crossbar is either unconnected or has no load
WARNING: [Synth 8-7129] Port s_axi_awqos[0] in module axi_crossbar_v2_1_26_axi_crossbar is either unconnected or has no load
WARNING: [Synth 8-7129] Port s_axi_awuser[1] in module axi_crossbar_v2_1_26_axi_crossbar is either unconnected or has no load
WARNING: [Synth 8-7129] Port s_axi_awuser[0] in module axi_crossbar_v2_1_26_axi_crossbar is either unconnected or has no load
WARNING: [Synth 8-7129] Port s_axi_wid[1] in module axi_crossbar_v2_1_26_axi_crossbar is either unconnected or has no load
WARNING: [Synth 8-7129] Port s_axi_wid[0] in module axi_crossbar_v2_1_26_axi_crossbar is either unconnected or has no load
WARNING: [Synth 8-7129] Port s_axi_wlast[1] in module axi_crossbar_v2_1_26_axi_crossbar is either unconnected or has no load
WARNING: [Synth 8-7129] Port s_axi_wlast[0] in module axi_crossbar_v2_1_26_axi_crossbar is either unconnected or has no load
WARNING: [Synth 8-7129] Port s_axi_wuser[1] in module axi_crossbar_v2_1_26_axi_crossbar is either unconnected or has no load
WARNING: [Synth 8-7129] Port s_axi_wuser[0] in module axi_crossbar_v2_1_26_axi_crossbar is either unconnected or has no load
WARNING: [Synth 8-7129] Port s_axi_arid[1] in module axi_crossbar_v2_1_26_axi_crossbar is either unconnected or has no load
WARNING: [Synth 8-7129] Port s_axi_arid[0] in module axi_crossbar_v2_1_26_axi_crossbar is either unconnected or has no load
WARNING: [Synth 8-7129] Port s_axi_arlen[15] in module axi_crossbar_v2_1_26_axi_crossbar is either unconnected or has no load
WARNING: [Synth 8-7129] Port s_axi_arlen[14] in module axi_crossbar_v2_1_26_axi_crossbar is either unconnected or has no load
WARNING: [Synth 8-7129] Port s_axi_arlen[13] in module axi_crossbar_v2_1_26_axi_crossbar is either unconnected or has no load
WARNING: [Synth 8-7129] Port s_axi_arlen[12] in module axi_crossbar_v2_1_26_axi_crossbar is either unconnected or has no load
WARNING: [Synth 8-7129] Port s_axi_arlen[11] in module axi_crossbar_v2_1_26_axi_crossbar is either unconnected or has no load
WARNING: [Synth 8-7129] Port s_axi_arlen[10] in module axi_crossbar_v2_1_26_axi_crossbar is either unconnected or has no load
WARNING: [Synth 8-7129] Port s_axi_arlen[9] in module axi_crossbar_v2_1_26_axi_crossbar is either unconnected or has no load
WARNING: [Synth 8-7129] Port s_axi_arlen[8] in module axi_crossbar_v2_1_26_axi_crossbar is either unconnected or has no load
WARNING: [Synth 8-7129] Port s_axi_arlen[7] in module axi_crossbar_v2_1_26_axi_crossbar is either unconnected or has no load
WARNING: [Synth 8-7129] Port s_axi_arlen[6] in module axi_crossbar_v2_1_26_axi_crossbar is either unconnected or has no load
WARNING: [Synth 8-7129] Port s_axi_arlen[5] in module axi_crossbar_v2_1_26_axi_crossbar is either unconnected or has no load
WARNING: [Synth 8-7129] Port s_axi_arlen[4] in module axi_crossbar_v2_1_26_axi_crossbar is either unconnected or has no load
WARNING: [Synth 8-7129] Port s_axi_arlen[3] in module axi_crossbar_v2_1_26_axi_crossbar is either unconnected or has no load
WARNING: [Synth 8-7129] Port s_axi_arlen[2] in module axi_crossbar_v2_1_26_axi_crossbar is either unconnected or has no load
WARNING: [Synth 8-7129] Port s_axi_arlen[1] in module axi_crossbar_v2_1_26_axi_crossbar is either unconnected or has no load
WARNING: [Synth 8-7129] Port s_axi_arlen[0] in module axi_crossbar_v2_1_26_axi_crossbar is either unconnected or has no load
WARNING: [Synth 8-7129] Port s_axi_arsize[5] in module axi_crossbar_v2_1_26_axi_crossbar is either unconnected or has no load
WARNING: [Synth 8-7129] Port s_axi_arsize[4] in module axi_crossbar_v2_1_26_axi_crossbar is either unconnected or has no load
WARNING: [Synth 8-7129] Port s_axi_arsize[3] in module axi_crossbar_v2_1_26_axi_crossbar is either unconnected or has no load
WARNING: [Synth 8-7129] Port s_axi_arsize[2] in module axi_crossbar_v2_1_26_axi_crossbar is either unconnected or has no load
WARNING: [Synth 8-7129] Port s_axi_arsize[1] in module axi_crossbar_v2_1_26_axi_crossbar is either unconnected or has no load
INFO: [Common 17-14] Message 'Synth 8-7129' appears 100 times and further instances of the messages will be disabled. Use the Tcl command set_msg_config to change the current settings.
---------------------------------------------------------------------------------
Finished RTL Elaboration : Time (s): cpu = 00:00:07 ; elapsed = 00:00:07 . Memory (MB): peak = 3121.324 ; gain = 293.672 ; free physical = 4588 ; free virtual = 16559
---------------------------------------------------------------------------------
---------------------------------------------------------------------------------
Start Handling Custom Attributes
---------------------------------------------------------------------------------
---------------------------------------------------------------------------------
Finished Handling Custom Attributes : Time (s): cpu = 00:00:07 ; elapsed = 00:00:08 . Memory (MB): peak = 3139.137 ; gain = 311.484 ; free physical = 4485 ; free virtual = 16457
---------------------------------------------------------------------------------
---------------------------------------------------------------------------------
Finished RTL Optimization Phase 1 : Time (s): cpu = 00:00:07 ; elapsed = 00:00:08 . Memory (MB): peak = 3139.137 ; gain = 311.484 ; free physical = 4485 ; free virtual = 16457
---------------------------------------------------------------------------------
Netlist sorting complete. Time (s): cpu = 00:00:00.01 ; elapsed = 00:00:00.01 . Memory (MB): peak = 3139.137 ; gain = 0.000 ; free physical = 4457 ; free virtual = 16428
INFO: [Project 1-570] Preparing netlist for logic optimization

Processing XDC Constraints
Initializing timing engine
Parsing XDC File [/home/oppy/vivado_workspace/zcu106_plat_int_measurement/zcu106_plat_int_measurement.gen/sources_1/bd/zcu106_int_meas_plat/ip/zcu106_int_meas_plat_xbar_0/zcu106_int_meas_plat_xbar_0_ooc.xdc] for cell 'inst'
Finished Parsing XDC File [/home/oppy/vivado_workspace/zcu106_plat_int_measurement/zcu106_plat_int_measurement.gen/sources_1/bd/zcu106_int_meas_plat/ip/zcu106_int_meas_plat_xbar_0/zcu106_int_meas_plat_xbar_0_ooc.xdc] for cell 'inst'
Parsing XDC File [/home/oppy/vivado_workspace/zcu106_plat_int_measurement/zcu106_plat_int_measurement.runs/zcu106_int_meas_plat_xbar_0_synth_1/dont_touch.xdc]
Finished Parsing XDC File [/home/oppy/vivado_workspace/zcu106_plat_int_measurement/zcu106_plat_int_measurement.runs/zcu106_int_meas_plat_xbar_0_synth_1/dont_touch.xdc]
Completed Processing XDC Constraints

Netlist sorting complete. Time (s): cpu = 00:00:00 ; elapsed = 00:00:00 . Memory (MB): peak = 3300.824 ; gain = 0.000 ; free physical = 4415 ; free virtual = 16399
INFO: [Project 1-111] Unisim Transformation Summary:
No Unisim elements were transformed.

Constraint Validation Runtime : Time (s): cpu = 00:00:00.03 ; elapsed = 00:00:00.02 . Memory (MB): peak = 3300.824 ; gain = 0.000 ; free physical = 4408 ; free virtual = 16392
---------------------------------------------------------------------------------
Finished Constraint Validation : Time (s): cpu = 00:00:14 ; elapsed = 00:00:15 . Memory (MB): peak = 3300.824 ; gain = 473.172 ; free physical = 4246 ; free virtual = 16201
---------------------------------------------------------------------------------
---------------------------------------------------------------------------------
Start Loading Part and Timing Information
---------------------------------------------------------------------------------
Loading part: xczu7ev-ffvc1156-2-e
INFO: [Synth 8-6742] Reading net delay rules and data
---------------------------------------------------------------------------------
Finished Loading Part and Timing Information : Time (s): cpu = 00:00:14 ; elapsed = 00:00:15 . Memory (MB): peak = 3300.824 ; gain = 473.172 ; free physical = 4245 ; free virtual = 16199
---------------------------------------------------------------------------------
---------------------------------------------------------------------------------
Start Applying 'set_property' XDC Constraints
---------------------------------------------------------------------------------
Applied set_property KEEP_HIERARCHY = SOFT for inst. (constraint file  /home/oppy/vivado_workspace/zcu106_plat_int_measurement/zcu106_plat_int_measurement.runs/zcu106_int_meas_plat_xbar_0_synth_1/dont_touch.xdc, line 9).
---------------------------------------------------------------------------------
Finished applying 'set_property' XDC Constraints : Time (s): cpu = 00:00:14 ; elapsed = 00:00:15 . Memory (MB): peak = 3300.824 ; gain = 473.172 ; free physical = 4242 ; free virtual = 16197
---------------------------------------------------------------------------------
---------------------------------------------------------------------------------
Finished RTL Optimization Phase 2 : Time (s): cpu = 00:00:14 ; elapsed = 00:00:15 . Memory (MB): peak = 3300.824 ; gain = 473.172 ; free physical = 4115 ; free virtual = 16068
---------------------------------------------------------------------------------
---------------------------------------------------------------------------------
Start RTL Component Statistics 
---------------------------------------------------------------------------------
Detailed RTL Component Info : 
+---Registers : 
	               72 Bit    Registers := 1     
	               36 Bit    Registers := 2     
	                3 Bit    Registers := 2     
	                2 Bit    Registers := 8     
	                1 Bit    Registers := 11    
+---Muxes : 
	   2 Input   72 Bit        Muxes := 2     
	   2 Input   36 Bit        Muxes := 2     
	   2 Input    3 Bit        Muxes := 1     
	   2 Input    2 Bit        Muxes := 2     
	   2 Input    1 Bit        Muxes := 32    
---------------------------------------------------------------------------------
Finished RTL Component Statistics 
---------------------------------------------------------------------------------
---------------------------------------------------------------------------------
Start Part Resource Summary
---------------------------------------------------------------------------------
Part Resources:
DSPs: 1728 (col length:144)
BRAMs: 624 (col length: RAMB18 144 RAMB36 72)
---------------------------------------------------------------------------------
Finished Part Resource Summary
---------------------------------------------------------------------------------
---------------------------------------------------------------------------------
Start Cross Boundary and Area Optimization
---------------------------------------------------------------------------------
WARNING: [Synth 8-7080] Parallel synthesis criteria is not met
INFO: [Synth 8-3936] Found unconnected internal register 'gen_sasd.crossbar_sasd_0/reg_slice_r/m_payload_i_reg' and it is trimmed from '36' to '35' bits. [/home/oppy/vivado_workspace/zcu106_plat_int_measurement/zcu106_plat_int_measurement.gen/sources_1/bd/zcu106_int_meas_plat/ipshared/e1e6/hdl/axi_register_slice_v2_1_vl_rfs.v:1731]
---------------------------------------------------------------------------------
Finished Cross Boundary and Area Optimization : Time (s): cpu = 00:00:16 ; elapsed = 00:00:17 . Memory (MB): peak = 3300.824 ; gain = 473.172 ; free physical = 3739 ; free virtual = 15694
---------------------------------------------------------------------------------
---------------------------------------------------------------------------------
Start Applying XDC Timing Constraints
---------------------------------------------------------------------------------
---------------------------------------------------------------------------------
Finished Applying XDC Timing Constraints : Time (s): cpu = 00:00:23 ; elapsed = 00:00:25 . Memory (MB): peak = 3600.418 ; gain = 772.766 ; free physical = 375 ; free virtual = 12358
---------------------------------------------------------------------------------
---------------------------------------------------------------------------------
Start Timing Optimization
---------------------------------------------------------------------------------
---------------------------------------------------------------------------------
Finished Timing Optimization : Time (s): cpu = 00:00:23 ; elapsed = 00:00:25 . Memory (MB): peak = 3630.449 ; gain = 802.797 ; free physical = 365 ; free virtual = 12344
---------------------------------------------------------------------------------
---------------------------------------------------------------------------------
Start Technology Mapping
---------------------------------------------------------------------------------
---------------------------------------------------------------------------------
Finished Technology Mapping : Time (s): cpu = 00:00:23 ; elapsed = 00:00:25 . Memory (MB): peak = 3646.465 ; gain = 818.812 ; free physical = 506 ; free virtual = 12483
---------------------------------------------------------------------------------
---------------------------------------------------------------------------------
Start IO Insertion
---------------------------------------------------------------------------------
---------------------------------------------------------------------------------
Start Flattening Before IO Insertion
---------------------------------------------------------------------------------
---------------------------------------------------------------------------------
Finished Flattening Before IO Insertion
---------------------------------------------------------------------------------
---------------------------------------------------------------------------------
Start Final Netlist Cleanup
---------------------------------------------------------------------------------
---------------------------------------------------------------------------------
Finished Final Netlist Cleanup
---------------------------------------------------------------------------------
---------------------------------------------------------------------------------
Finished IO Insertion : Time (s): cpu = 00:00:26 ; elapsed = 00:00:28 . Memory (MB): peak = 3646.465 ; gain = 818.812 ; free physical = 786 ; free virtual = 12766
---------------------------------------------------------------------------------
---------------------------------------------------------------------------------
Start Renaming Generated Instances
---------------------------------------------------------------------------------
---------------------------------------------------------------------------------
Finished Renaming Generated Instances : Time (s): cpu = 00:00:26 ; elapsed = 00:00:28 . Memory (MB): peak = 3646.465 ; gain = 818.812 ; free physical = 814 ; free virtual = 12795
---------------------------------------------------------------------------------
---------------------------------------------------------------------------------
Start Rebuilding User Hierarchy
---------------------------------------------------------------------------------
---------------------------------------------------------------------------------
Finished Rebuilding User Hierarchy : Time (s): cpu = 00:00:26 ; elapsed = 00:00:28 . Memory (MB): peak = 3646.465 ; gain = 818.812 ; free physical = 989 ; free virtual = 12969
---------------------------------------------------------------------------------
---------------------------------------------------------------------------------
Start Renaming Generated Ports
---------------------------------------------------------------------------------
---------------------------------------------------------------------------------
Finished Renaming Generated Ports : Time (s): cpu = 00:00:26 ; elapsed = 00:00:28 . Memory (MB): peak = 3646.465 ; gain = 818.812 ; free physical = 1000 ; free virtual = 12981
---------------------------------------------------------------------------------
---------------------------------------------------------------------------------
Start Handling Custom Attributes
---------------------------------------------------------------------------------
---------------------------------------------------------------------------------
Finished Handling Custom Attributes : Time (s): cpu = 00:00:26 ; elapsed = 00:00:28 . Memory (MB): peak = 3646.465 ; gain = 818.812 ; free physical = 1124 ; free virtual = 13105
---------------------------------------------------------------------------------
---------------------------------------------------------------------------------
Start Renaming Generated Nets
---------------------------------------------------------------------------------
---------------------------------------------------------------------------------
Finished Renaming Generated Nets : Time (s): cpu = 00:00:26 ; elapsed = 00:00:28 . Memory (MB): peak = 3646.465 ; gain = 818.812 ; free physical = 1147 ; free virtual = 13128
---------------------------------------------------------------------------------
---------------------------------------------------------------------------------
Start Writing Synthesis Report
---------------------------------------------------------------------------------

Report BlackBoxes: 
+-+--------------+----------+
| |BlackBox name |Instances |
+-+--------------+----------+
+-+--------------+----------+

Report Cell Usage: 
+------+-----+------+
|      |Cell |Count |
+------+-----+------+
|1     |LUT1 |     2|
|2     |LUT2 |    16|
|3     |LUT3 |    46|
|4     |LUT4 |    80|
|5     |LUT5 |     8|
|6     |LUT6 |   106|
|7     |FDRE |   145|
|8     |FDSE |     1|
+------+-----+------+
---------------------------------------------------------------------------------
Finished Writing Synthesis Report : Time (s): cpu = 00:00:26 ; elapsed = 00:00:28 . Memory (MB): peak = 3646.465 ; gain = 818.812 ; free physical = 1162 ; free virtual = 13142
---------------------------------------------------------------------------------
Synthesis finished with 0 errors, 0 critical warnings and 113 warnings.
Synthesis Optimization Runtime : Time (s): cpu = 00:00:22 ; elapsed = 00:00:24 . Memory (MB): peak = 3646.465 ; gain = 657.125 ; free physical = 1559 ; free virtual = 13541
Synthesis Optimization Complete : Time (s): cpu = 00:00:26 ; elapsed = 00:00:28 . Memory (MB): peak = 3646.473 ; gain = 818.812 ; free physical = 1563 ; free virtual = 13545
INFO: [Project 1-571] Translating synthesized netlist
Netlist sorting complete. Time (s): cpu = 00:00:00.01 ; elapsed = 00:00:00 . Memory (MB): peak = 3654.465 ; gain = 0.000 ; free physical = 2043 ; free virtual = 14028
INFO: [Project 1-570] Preparing netlist for logic optimization
INFO: [Opt 31-138] Pushed 0 inverter(s) to 0 load pin(s).
Netlist sorting complete. Time (s): cpu = 00:00:00 ; elapsed = 00:00:00 . Memory (MB): peak = 3706.293 ; gain = 0.000 ; free physical = 5970 ; free virtual = 17954
INFO: [Project 1-111] Unisim Transformation Summary:
No Unisim elements were transformed.

Synth Design complete, checksum: bb3fef2c
INFO: [Common 17-83] Releasing license: Synthesis
51 Infos, 105 Warnings, 0 Critical Warnings and 0 Errors encountered.
synth_design completed successfully
synth_design: Time (s): cpu = 00:00:35 ; elapsed = 00:00:33 . Memory (MB): peak = 3706.293 ; gain = 1098.641 ; free physical = 7521 ; free virtual = 19505
INFO: [Common 17-1381] The checkpoint '/home/oppy/vivado_workspace/zcu106_plat_int_measurement/zcu106_plat_int_measurement.runs/zcu106_int_meas_plat_xbar_0_synth_1/zcu106_int_meas_plat_xbar_0.dcp' has been generated.
INFO: [Coretcl 2-1648] Added synthesis output to IP cache for IP zcu106_int_meas_plat_xbar_0, cache-ID = 8ee3021de7130550
INFO: [Coretcl 2-1174] Renamed 7 cell refs.
INFO: [Common 17-1381] The checkpoint '/home/oppy/vivado_workspace/zcu106_plat_int_measurement/zcu106_plat_int_measurement.runs/zcu106_int_meas_plat_xbar_0_synth_1/zcu106_int_meas_plat_xbar_0.dcp' has been generated.
INFO: [runtcl-4] Executing : report_utilization -file zcu106_int_meas_plat_xbar_0_utilization_synth.rpt -pb zcu106_int_meas_plat_xbar_0_utilization_synth.pb
INFO: [Common 17-206] Exiting Vivado at Sat Apr 16 13:41:14 2022...
